::1 - - [Wed, 17 Aug 2016 07:52:30 GMT] "GET /stylesheets/style.css HTTP/1.1" 404 34 "http://localhost:3000/" "Mozilla/5.0 (Windows NT 10.0; WOW64) AppleWebKit/537.36 (KHTML, like Gecko) Chrome/52.0.2743.116 Safari/537.36"
::1 - - [Wed, 17 Aug 2016 07:52:30 GMT] "GET / HTTP/1.1" 200 1439 "-" "Mozilla/5.0 (Windows NT 10.0; WOW64) AppleWebKit/537.36 (KHTML, like Gecko) Chrome/52.0.2743.116 Safari/537.36"
::1 - - [Wed, 17 Aug 2016 07:52:42 GMT] "GET /archive HTTP/1.1" 200 870 "http://localhost:3000/" "Mozilla/5.0 (Windows NT 10.0; WOW64) AppleWebKit/537.36 (KHTML, like Gecko) Chrome/52.0.2743.116 Safari/537.36"
::1 - - [Wed, 17 Aug 2016 07:52:42 GMT] "GET /stylesheets/style.css HTTP/1.1" 200 1816 "http://localhost:3000/archive" "Mozilla/5.0 (Windows NT 10.0; WOW64) AppleWebKit/537.36 (KHTML, like Gecko) Chrome/52.0.2743.116 Safari/537.36"
::1 - - [Wed, 17 Aug 2016 07:52:43 GMT] "GET / HTTP/1.1" 304 - "http://localhost:3000/archive" "Mozilla/5.0 (Windows NT 10.0; WOW64) AppleWebKit/537.36 (KHTML, like Gecko) Chrome/52.0.2743.116 Safari/537.36"
::1 - - [Wed, 17 Aug 2016 07:52:43 GMT] "GET /stylesheets/style.css HTTP/1.1" 304 - "http://localhost:3000/" "Mozilla/5.0 (Windows NT 10.0; WOW64) AppleWebKit/537.36 (KHTML, like Gecko) Chrome/52.0.2743.116 Safari/537.36"
::1 - - [Wed, 17 Aug 2016 07:52:44 GMT] "GET /archive HTTP/1.1" 304 - "http://localhost:3000/" "Mozilla/5.0 (Windows NT 10.0; WOW64) AppleWebKit/537.36 (KHTML, like Gecko) Chrome/52.0.2743.116 Safari/537.36"
::1 - - [Wed, 17 Aug 2016 07:52:44 GMT] "GET /stylesheets/style.css HTTP/1.1" 304 - "http://localhost:3000/archive" "Mozilla/5.0 (Windows NT 10.0; WOW64) AppleWebKit/537.36 (KHTML, like Gecko) Chrome/52.0.2743.116 Safari/537.36"
::1 - - [Wed, 17 Aug 2016 07:52:44 GMT] "GET /tags HTTP/1.1" 200 822 "http://localhost:3000/archive" "Mozilla/5.0 (Windows NT 10.0; WOW64) AppleWebKit/537.36 (KHTML, like Gecko) Chrome/52.0.2743.116 Safari/537.36"
::1 - - [Wed, 17 Aug 2016 07:52:44 GMT] "GET /stylesheets/style.css HTTP/1.1" 304 - "http://localhost:3000/tags" "Mozilla/5.0 (Windows NT 10.0; WOW64) AppleWebKit/537.36 (KHTML, like Gecko) Chrome/52.0.2743.116 Safari/537.36"
::1 - - [Wed, 17 Aug 2016 07:52:45 GMT] "GET /links HTTP/1.1" 200 825 "http://localhost:3000/tags" "Mozilla/5.0 (Windows NT 10.0; WOW64) AppleWebKit/537.36 (KHTML, like Gecko) Chrome/52.0.2743.116 Safari/537.36"
::1 - - [Wed, 17 Aug 2016 07:52:45 GMT] "GET /stylesheets/style.css HTTP/1.1" 304 - "http://localhost:3000/links" "Mozilla/5.0 (Windows NT 10.0; WOW64) AppleWebKit/537.36 (KHTML, like Gecko) Chrome/52.0.2743.116 Safari/537.36"
::1 - - [Wed, 17 Aug 2016 07:52:46 GMT] "GET /login HTTP/1.1" 200 892 "http://localhost:3000/links" "Mozilla/5.0 (Windows NT 10.0; WOW64) AppleWebKit/537.36 (KHTML, like Gecko) Chrome/52.0.2743.116 Safari/537.36"
::1 - - [Wed, 17 Aug 2016 07:52:46 GMT] "GET /stylesheets/style.css HTTP/1.1" 304 - "http://localhost:3000/login" "Mozilla/5.0 (Windows NT 10.0; WOW64) AppleWebKit/537.36 (KHTML, like Gecko) Chrome/52.0.2743.116 Safari/537.36"
::1 - - [Wed, 17 Aug 2016 07:52:46 GMT] "GET /reg HTTP/1.1" 200 1025 "http://localhost:3000/login" "Mozilla/5.0 (Windows NT 10.0; WOW64) AppleWebKit/537.36 (KHTML, like Gecko) Chrome/52.0.2743.116 Safari/537.36"
::1 - - [Wed, 17 Aug 2016 07:52:46 GMT] "GET /stylesheets/style.css HTTP/1.1" 304 - "http://localhost:3000/reg" "Mozilla/5.0 (Windows NT 10.0; WOW64) AppleWebKit/537.36 (KHTML, like Gecko) Chrome/52.0.2743.116 Safari/537.36"
::1 - - [Wed, 17 Aug 2016 08:46:32 GMT] "GET /reg HTTP/1.1" 304 - "http://localhost:3000/login" "Mozilla/5.0 (Windows NT 10.0; WOW64) AppleWebKit/537.36 (KHTML, like Gecko) Chrome/52.0.2743.116 Safari/537.36"
::1 - - [Wed, 17 Aug 2016 08:46:32 GMT] "GET /stylesheets/style.css HTTP/1.1" 304 - "http://localhost:3000/reg" "Mozilla/5.0 (Windows NT 10.0; WOW64) AppleWebKit/537.36 (KHTML, like Gecko) Chrome/52.0.2743.116 Safari/537.36"
::1 - - [Wed, 17 Aug 2016 08:46:34 GMT] "GET /reg HTTP/1.1" 304 - "http://localhost:3000/reg" "Mozilla/5.0 (Windows NT 10.0; WOW64) AppleWebKit/537.36 (KHTML, like Gecko) Chrome/52.0.2743.116 Safari/537.36"
::1 - - [Wed, 17 Aug 2016 08:46:34 GMT] "GET /stylesheets/style.css HTTP/1.1" 304 - "http://localhost:3000/reg" "Mozilla/5.0 (Windows NT 10.0; WOW64) AppleWebKit/537.36 (KHTML, like Gecko) Chrome/52.0.2743.116 Safari/537.36"
::1 - - [Wed, 17 Aug 2016 08:46:35 GMT] "GET /reg HTTP/1.1" 304 - "http://localhost:3000/reg" "Mozilla/5.0 (Windows NT 10.0; WOW64) AppleWebKit/537.36 (KHTML, like Gecko) Chrome/52.0.2743.116 Safari/537.36"
::1 - - [Wed, 17 Aug 2016 08:46:35 GMT] "GET /stylesheets/style.css HTTP/1.1" 304 - "http://localhost:3000/reg" "Mozilla/5.0 (Windows NT 10.0; WOW64) AppleWebKit/537.36 (KHTML, like Gecko) Chrome/52.0.2743.116 Safari/537.36"
::1 - - [Wed, 17 Aug 2016 08:46:36 GMT] "GET /login HTTP/1.1" 200 939 "http://localhost:3000/reg" "Mozilla/5.0 (Windows NT 10.0; WOW64) AppleWebKit/537.36 (KHTML, like Gecko) Chrome/52.0.2743.116 Safari/537.36"
::1 - - [Wed, 17 Aug 2016 08:46:36 GMT] "GET /stylesheets/style.css HTTP/1.1" 304 - "http://localhost:3000/login" "Mozilla/5.0 (Windows NT 10.0; WOW64) AppleWebKit/537.36 (KHTML, like Gecko) Chrome/52.0.2743.116 Safari/537.36"
::1 - - [Wed, 17 Aug 2016 08:46:38 GMT] "GET /login/github HTTP/1.1" 200 207 "http://localhost:3000/login" "Mozilla/5.0 (Windows NT 10.0; WOW64) AppleWebKit/537.36 (KHTML, like Gecko) Chrome/52.0.2743.116 Safari/537.36"
::1 - - [Wed, 17 Aug 2016 08:46:55 GMT] "GET /login/github HTTP/1.1" 304 - "http://localhost:3000/login" "Mozilla/5.0 (Windows NT 10.0; WOW64) AppleWebKit/537.36 (KHTML, like Gecko) Chrome/52.0.2743.116 Safari/537.36"
::1 - - [Wed, 17 Aug 2016 08:49:30 GMT] "GET /login/github HTTP/1.1" 304 - "http://localhost:3000/login" "Mozilla/5.0 (Windows NT 10.0; WOW64) AppleWebKit/537.36 (KHTML, like Gecko) Chrome/52.0.2743.116 Safari/537.36"
::1 - - [Wed, 17 Aug 2016 08:49:32 GMT] "GET /login HTTP/1.1" 304 - "http://localhost:3000/reg" "Mozilla/5.0 (Windows NT 10.0; WOW64) AppleWebKit/537.36 (KHTML, like Gecko) Chrome/52.0.2743.116 Safari/537.36"
::1 - - [Wed, 17 Aug 2016 08:49:33 GMT] "GET /stylesheets/style.css HTTP/1.1" 304 - "http://localhost:3000/login" "Mozilla/5.0 (Windows NT 10.0; WOW64) AppleWebKit/537.36 (KHTML, like Gecko) Chrome/52.0.2743.116 Safari/537.36"
::1 - - [Wed, 17 Aug 2016 08:49:34 GMT] "GET /login/github HTTP/1.1" 304 - "http://localhost:3000/login" "Mozilla/5.0 (Windows NT 10.0; WOW64) AppleWebKit/537.36 (KHTML, like Gecko) Chrome/52.0.2743.116 Safari/537.36"
::1 - - [Wed, 17 Aug 2016 08:50:46 GMT] "GET / HTTP/1.1" 304 - "http://localhost:3000/login" "Mozilla/5.0 (Windows NT 10.0; WOW64) AppleWebKit/537.36 (KHTML, like Gecko) Chrome/52.0.2743.116 Safari/537.36"
::1 - - [Wed, 17 Aug 2016 08:50:46 GMT] "GET /stylesheets/style.css HTTP/1.1" 304 - "http://localhost:3000/" "Mozilla/5.0 (Windows NT 10.0; WOW64) AppleWebKit/537.36 (KHTML, like Gecko) Chrome/52.0.2743.116 Safari/537.36"
::1 - - [Wed, 17 Aug 2016 08:50:47 GMT] "GET /archive HTTP/1.1" 304 - "http://localhost:3000/" "Mozilla/5.0 (Windows NT 10.0; WOW64) AppleWebKit/537.36 (KHTML, like Gecko) Chrome/52.0.2743.116 Safari/537.36"
::1 - - [Wed, 17 Aug 2016 08:50:47 GMT] "GET /stylesheets/style.css HTTP/1.1" 304 - "http://localhost:3000/archive" "Mozilla/5.0 (Windows NT 10.0; WOW64) AppleWebKit/537.36 (KHTML, like Gecko) Chrome/52.0.2743.116 Safari/537.36"
::1 - - [Wed, 17 Aug 2016 08:50:48 GMT] "GET /tags HTTP/1.1" 304 - "http://localhost:3000/archive" "Mozilla/5.0 (Windows NT 10.0; WOW64) AppleWebKit/537.36 (KHTML, like Gecko) Chrome/52.0.2743.116 Safari/537.36"
::1 - - [Wed, 17 Aug 2016 08:50:48 GMT] "GET /stylesheets/style.css HTTP/1.1" 304 - "http://localhost:3000/tags" "Mozilla/5.0 (Windows NT 10.0; WOW64) AppleWebKit/537.36 (KHTML, like Gecko) Chrome/52.0.2743.116 Safari/537.36"
::1 - - [Wed, 17 Aug 2016 08:50:48 GMT] "GET /links HTTP/1.1" 304 - "http://localhost:3000/tags" "Mozilla/5.0 (Windows NT 10.0; WOW64) AppleWebKit/537.36 (KHTML, like Gecko) Chrome/52.0.2743.116 Safari/537.36"
::1 - - [Wed, 17 Aug 2016 08:50:48 GMT] "GET /stylesheets/style.css HTTP/1.1" 304 - "http://localhost:3000/links" "Mozilla/5.0 (Windows NT 10.0; WOW64) AppleWebKit/537.36 (KHTML, like Gecko) Chrome/52.0.2743.116 Safari/537.36"
::1 - - [Wed, 17 Aug 2016 08:50:49 GMT] "GET /login HTTP/1.1" 304 - "http://localhost:3000/links" "Mozilla/5.0 (Windows NT 10.0; WOW64) AppleWebKit/537.36 (KHTML, like Gecko) Chrome/52.0.2743.116 Safari/537.36"
::1 - - [Wed, 17 Aug 2016 08:50:49 GMT] "GET /stylesheets/style.css HTTP/1.1" 304 - "http://localhost:3000/login" "Mozilla/5.0 (Windows NT 10.0; WOW64) AppleWebKit/537.36 (KHTML, like Gecko) Chrome/52.0.2743.116 Safari/537.36"
::1 - - [Wed, 17 Aug 2016 08:50:50 GMT] "GET / HTTP/1.1" 304 - "http://localhost:3000/login" "Mozilla/5.0 (Windows NT 10.0; WOW64) AppleWebKit/537.36 (KHTML, like Gecko) Chrome/52.0.2743.116 Safari/537.36"
::1 - - [Wed, 17 Aug 2016 08:50:50 GMT] "GET /stylesheets/style.css HTTP/1.1" 304 - "http://localhost:3000/" "Mozilla/5.0 (Windows NT 10.0; WOW64) AppleWebKit/537.36 (KHTML, like Gecko) Chrome/52.0.2743.116 Safari/537.36"
::1 - - [Wed, 17 Aug 2016 08:50:56 GMT] "GET /archive HTTP/1.1" 304 - "http://localhost:3000/" "Mozilla/5.0 (Windows NT 10.0; WOW64) AppleWebKit/537.36 (KHTML, like Gecko) Chrome/52.0.2743.116 Safari/537.36"
::1 - - [Wed, 17 Aug 2016 08:50:56 GMT] "GET /stylesheets/style.css HTTP/1.1" 304 - "http://localhost:3000/archive" "Mozilla/5.0 (Windows NT 10.0; WOW64) AppleWebKit/537.36 (KHTML, like Gecko) Chrome/52.0.2743.116 Safari/537.36"
::1 - - [Thu, 18 Aug 2016 05:46:17 GMT] "GET /stylesheets/style.css HTTP/1.1" 200 1816 "http://localhost:3000/archive" "Mozilla/5.0 (Windows NT 10.0; WOW64) AppleWebKit/537.36 (KHTML, like Gecko) Chrome/52.0.2743.116 Safari/537.36"
::1 - - [Thu, 18 Aug 2016 05:46:17 GMT] "GET /archive HTTP/1.1" 200 870 "http://localhost:3000/" "Mozilla/5.0 (Windows NT 10.0; WOW64) AppleWebKit/537.36 (KHTML, like Gecko) Chrome/52.0.2743.116 Safari/537.36"
::1 - - [Thu, 18 Aug 2016 05:46:18 GMT] "GET / HTTP/1.1" 200 1439 "http://localhost:3000/archive" "Mozilla/5.0 (Windows NT 10.0; WOW64) AppleWebKit/537.36 (KHTML, like Gecko) Chrome/52.0.2743.116 Safari/537.36"
::1 - - [Thu, 18 Aug 2016 05:46:18 GMT] "GET /stylesheets/style.css HTTP/1.1" 304 - "http://localhost:3000/" "Mozilla/5.0 (Windows NT 10.0; WOW64) AppleWebKit/537.36 (KHTML, like Gecko) Chrome/52.0.2743.116 Safari/537.36"
::1 - - [Thu, 18 Aug 2016 05:46:19 GMT] "GET /archive HTTP/1.1" 304 - "http://localhost:3000/" "Mozilla/5.0 (Windows NT 10.0; WOW64) AppleWebKit/537.36 (KHTML, like Gecko) Chrome/52.0.2743.116 Safari/537.36"
::1 - - [Thu, 18 Aug 2016 05:46:19 GMT] "GET /stylesheets/style.css HTTP/1.1" 304 - "http://localhost:3000/archive" "Mozilla/5.0 (Windows NT 10.0; WOW64) AppleWebKit/537.36 (KHTML, like Gecko) Chrome/52.0.2743.116 Safari/537.36"
::1 - - [Thu, 18 Aug 2016 05:46:20 GMT] "GET /tags HTTP/1.1" 200 822 "http://localhost:3000/archive" "Mozilla/5.0 (Windows NT 10.0; WOW64) AppleWebKit/537.36 (KHTML, like Gecko) Chrome/52.0.2743.116 Safari/537.36"
::1 - - [Thu, 18 Aug 2016 05:46:20 GMT] "GET /stylesheets/style.css HTTP/1.1" 304 - "http://localhost:3000/tags" "Mozilla/5.0 (Windows NT 10.0; WOW64) AppleWebKit/537.36 (KHTML, like Gecko) Chrome/52.0.2743.116 Safari/537.36"
::1 - - [Thu, 18 Aug 2016 05:46:20 GMT] "GET /login HTTP/1.1" 200 939 "http://localhost:3000/tags" "Mozilla/5.0 (Windows NT 10.0; WOW64) AppleWebKit/537.36 (KHTML, like Gecko) Chrome/52.0.2743.116 Safari/537.36"
::1 - - [Thu, 18 Aug 2016 05:46:20 GMT] "GET /stylesheets/style.css HTTP/1.1" 304 - "http://localhost:3000/login" "Mozilla/5.0 (Windows NT 10.0; WOW64) AppleWebKit/537.36 (KHTML, like Gecko) Chrome/52.0.2743.116 Safari/537.36"
::1 - - [Thu, 18 Aug 2016 05:46:21 GMT] "GET /reg HTTP/1.1" 200 1025 "http://localhost:3000/login" "Mozilla/5.0 (Windows NT 10.0; WOW64) AppleWebKit/537.36 (KHTML, like Gecko) Chrome/52.0.2743.116 Safari/537.36"
::1 - - [Thu, 18 Aug 2016 05:46:21 GMT] "GET /stylesheets/style.css HTTP/1.1" 304 - "http://localhost:3000/reg" "Mozilla/5.0 (Windows NT 10.0; WOW64) AppleWebKit/537.36 (KHTML, like Gecko) Chrome/52.0.2743.116 Safari/537.36"
::1 - - [Thu, 18 Aug 2016 05:46:21 GMT] "GET /login HTTP/1.1" 304 - "http://localhost:3000/reg" "Mozilla/5.0 (Windows NT 10.0; WOW64) AppleWebKit/537.36 (KHTML, like Gecko) Chrome/52.0.2743.116 Safari/537.36"
::1 - - [Thu, 18 Aug 2016 05:46:21 GMT] "GET /stylesheets/style.css HTTP/1.1" 304 - "http://localhost:3000/login" "Mozilla/5.0 (Windows NT 10.0; WOW64) AppleWebKit/537.36 (KHTML, like Gecko) Chrome/52.0.2743.116 Safari/537.36"
::1 - - [Thu, 18 Aug 2016 05:46:22 GMT] "GET /links HTTP/1.1" 200 825 "http://localhost:3000/login" "Mozilla/5.0 (Windows NT 10.0; WOW64) AppleWebKit/537.36 (KHTML, like Gecko) Chrome/52.0.2743.116 Safari/537.36"
::1 - - [Thu, 18 Aug 2016 05:46:22 GMT] "GET /stylesheets/style.css HTTP/1.1" 304 - "http://localhost:3000/links" "Mozilla/5.0 (Windows NT 10.0; WOW64) AppleWebKit/537.36 (KHTML, like Gecko) Chrome/52.0.2743.116 Safari/537.36"
::1 - - [Thu, 18 Aug 2016 05:46:22 GMT] "GET /tags HTTP/1.1" 304 - "http://localhost:3000/links" "Mozilla/5.0 (Windows NT 10.0; WOW64) AppleWebKit/537.36 (KHTML, like Gecko) Chrome/52.0.2743.116 Safari/537.36"
::1 - - [Thu, 18 Aug 2016 05:46:22 GMT] "GET /stylesheets/style.css HTTP/1.1" 304 - "http://localhost:3000/tags" "Mozilla/5.0 (Windows NT 10.0; WOW64) AppleWebKit/537.36 (KHTML, like Gecko) Chrome/52.0.2743.116 Safari/537.36"
::1 - - [Thu, 18 Aug 2016 05:46:23 GMT] "GET /archive HTTP/1.1" 304 - "http://localhost:3000/tags" "Mozilla/5.0 (Windows NT 10.0; WOW64) AppleWebKit/537.36 (KHTML, like Gecko) Chrome/52.0.2743.116 Safari/537.36"
::1 - - [Thu, 18 Aug 2016 05:46:23 GMT] "GET /stylesheets/style.css HTTP/1.1" 304 - "http://localhost:3000/archive" "Mozilla/5.0 (Windows NT 10.0; WOW64) AppleWebKit/537.36 (KHTML, like Gecko) Chrome/52.0.2743.116 Safari/537.36"
::1 - - [Thu, 18 Aug 2016 05:46:23 GMT] "GET / HTTP/1.1" 304 - "http://localhost:3000/archive" "Mozilla/5.0 (Windows NT 10.0; WOW64) AppleWebKit/537.36 (KHTML, like Gecko) Chrome/52.0.2743.116 Safari/537.36"
::1 - - [Thu, 18 Aug 2016 05:46:23 GMT] "GET /stylesheets/style.css HTTP/1.1" 304 - "http://localhost:3000/" "Mozilla/5.0 (Windows NT 10.0; WOW64) AppleWebKit/537.36 (KHTML, like Gecko) Chrome/52.0.2743.116 Safari/537.36"
::1 - - [Thu, 18 Aug 2016 05:46:29 GMT] "GET /login HTTP/1.1" 304 - "http://localhost:3000/" "Mozilla/5.0 (Windows NT 10.0; WOW64) AppleWebKit/537.36 (KHTML, like Gecko) Chrome/52.0.2743.116 Safari/537.36"
::1 - - [Thu, 18 Aug 2016 05:46:30 GMT] "GET /stylesheets/style.css HTTP/1.1" 304 - "http://localhost:3000/login" "Mozilla/5.0 (Windows NT 10.0; WOW64) AppleWebKit/537.36 (KHTML, like Gecko) Chrome/52.0.2743.116 Safari/537.36"
::1 - - [Thu, 18 Aug 2016 05:46:32 GMT] "GET /links HTTP/1.1" 304 - "http://localhost:3000/login" "Mozilla/5.0 (Windows NT 10.0; WOW64) AppleWebKit/537.36 (KHTML, like Gecko) Chrome/52.0.2743.116 Safari/537.36"
::1 - - [Thu, 18 Aug 2016 05:46:32 GMT] "GET /stylesheets/style.css HTTP/1.1" 304 - "http://localhost:3000/links" "Mozilla/5.0 (Windows NT 10.0; WOW64) AppleWebKit/537.36 (KHTML, like Gecko) Chrome/52.0.2743.116 Safari/537.36"
::1 - - [Thu, 18 Aug 2016 05:46:33 GMT] "GET /tags HTTP/1.1" 304 - "http://localhost:3000/links" "Mozilla/5.0 (Windows NT 10.0; WOW64) AppleWebKit/537.36 (KHTML, like Gecko) Chrome/52.0.2743.116 Safari/537.36"
::1 - - [Thu, 18 Aug 2016 05:46:33 GMT] "GET /stylesheets/style.css HTTP/1.1" 304 - "http://localhost:3000/tags" "Mozilla/5.0 (Windows NT 10.0; WOW64) AppleWebKit/537.36 (KHTML, like Gecko) Chrome/52.0.2743.116 Safari/537.36"
::1 - - [Thu, 18 Aug 2016 05:46:34 GMT] "GET /archive HTTP/1.1" 304 - "http://localhost:3000/tags" "Mozilla/5.0 (Windows NT 10.0; WOW64) AppleWebKit/537.36 (KHTML, like Gecko) Chrome/52.0.2743.116 Safari/537.36"
::1 - - [Thu, 18 Aug 2016 05:46:34 GMT] "GET /stylesheets/style.css HTTP/1.1" 304 - "http://localhost:3000/archive" "Mozilla/5.0 (Windows NT 10.0; WOW64) AppleWebKit/537.36 (KHTML, like Gecko) Chrome/52.0.2743.116 Safari/537.36"
::1 - - [Thu, 18 Aug 2016 05:46:35 GMT] "GET / HTTP/1.1" 304 - "http://localhost:3000/archive" "Mozilla/5.0 (Windows NT 10.0; WOW64) AppleWebKit/537.36 (KHTML, like Gecko) Chrome/52.0.2743.116 Safari/537.36"
::1 - - [Thu, 18 Aug 2016 05:46:35 GMT] "GET /stylesheets/style.css HTTP/1.1" 304 - "http://localhost:3000/" "Mozilla/5.0 (Windows NT 10.0; WOW64) AppleWebKit/537.36 (KHTML, like Gecko) Chrome/52.0.2743.116 Safari/537.36"
::1 - - [Thu, 18 Aug 2016 05:46:44 GMT] "GET /stylesheets/style.css HTTP/1.1" 304 - "http://localhost:3000/" "Mozilla/5.0 (Windows NT 10.0; WOW64) AppleWebKit/537.36 (KHTML, like Gecko) Chrome/52.0.2743.116 Safari/537.36"
::1 - - [Thu, 18 Aug 2016 06:08:43 GMT] "GET / HTTP/1.1" 200 2026 "http://localhost:3000/archive" "Mozilla/5.0 (Windows NT 10.0; WOW64) AppleWebKit/537.36 (KHTML, like Gecko) Chrome/52.0.2743.116 Safari/537.36"
::1 - - [Thu, 18 Aug 2016 06:08:43 GMT] "GET /stylesheets/style.css HTTP/1.1" 304 - "http://localhost:3000/" "Mozilla/5.0 (Windows NT 10.0; WOW64) AppleWebKit/537.36 (KHTML, like Gecko) Chrome/52.0.2743.116 Safari/537.36"
::1 - - [Thu, 18 Aug 2016 06:08:43 GMT] "GET /KindEditor/lang/zh_CN.js HTTP/1.1" 200 8388 "http://localhost:3000/" "Mozilla/5.0 (Windows NT 10.0; WOW64) AppleWebKit/537.36 (KHTML, like Gecko) Chrome/52.0.2743.116 Safari/537.36"
::1 - - [Thu, 18 Aug 2016 06:08:43 GMT] "GET /KindEditor/kindeditor-min.js HTTP/1.1" 200 90763 "http://localhost:3000/" "Mozilla/5.0 (Windows NT 10.0; WOW64) AppleWebKit/537.36 (KHTML, like Gecko) Chrome/52.0.2743.116 Safari/537.36"
::1 - - [Thu, 18 Aug 2016 06:08:43 GMT] "GET /KindEditor/themes/default/default.css HTTP/1.1" 200 21964 "http://localhost:3000/" "Mozilla/5.0 (Windows NT 10.0; WOW64) AppleWebKit/537.36 (KHTML, like Gecko) Chrome/52.0.2743.116 Safari/537.36"
::1 - - [Thu, 18 Aug 2016 06:08:44 GMT] "GET /login HTTP/1.1" 200 1526 "http://localhost:3000/" "Mozilla/5.0 (Windows NT 10.0; WOW64) AppleWebKit/537.36 (KHTML, like Gecko) Chrome/52.0.2743.116 Safari/537.36"
::1 - - [Thu, 18 Aug 2016 06:08:44 GMT] "GET /stylesheets/style.css HTTP/1.1" 304 - "http://localhost:3000/login" "Mozilla/5.0 (Windows NT 10.0; WOW64) AppleWebKit/537.36 (KHTML, like Gecko) Chrome/52.0.2743.116 Safari/537.36"
::1 - - [Thu, 18 Aug 2016 06:08:44 GMT] "GET /KindEditor/kindeditor-min.js HTTP/1.1" 304 - "http://localhost:3000/login" "Mozilla/5.0 (Windows NT 10.0; WOW64) AppleWebKit/537.36 (KHTML, like Gecko) Chrome/52.0.2743.116 Safari/537.36"
::1 - - [Thu, 18 Aug 2016 06:08:44 GMT] "GET /KindEditor/lang/zh_CN.js HTTP/1.1" 304 - "http://localhost:3000/login" "Mozilla/5.0 (Windows NT 10.0; WOW64) AppleWebKit/537.36 (KHTML, like Gecko) Chrome/52.0.2743.116 Safari/537.36"
::1 - - [Thu, 18 Aug 2016 06:08:44 GMT] "GET /KindEditor/themes/default/default.css HTTP/1.1" 304 - "http://localhost:3000/login" "Mozilla/5.0 (Windows NT 10.0; WOW64) AppleWebKit/537.36 (KHTML, like Gecko) Chrome/52.0.2743.116 Safari/537.36"
::1 - - [Thu, 18 Aug 2016 06:08:45 GMT] "GET /links HTTP/1.1" 200 1412 "http://localhost:3000/login" "Mozilla/5.0 (Windows NT 10.0; WOW64) AppleWebKit/537.36 (KHTML, like Gecko) Chrome/52.0.2743.116 Safari/537.36"
::1 - - [Thu, 18 Aug 2016 06:08:46 GMT] "GET /stylesheets/style.css HTTP/1.1" 304 - "http://localhost:3000/links" "Mozilla/5.0 (Windows NT 10.0; WOW64) AppleWebKit/537.36 (KHTML, like Gecko) Chrome/52.0.2743.116 Safari/537.36"
::1 - - [Thu, 18 Aug 2016 06:08:46 GMT] "GET /KindEditor/kindeditor-min.js HTTP/1.1" 304 - "http://localhost:3000/links" "Mozilla/5.0 (Windows NT 10.0; WOW64) AppleWebKit/537.36 (KHTML, like Gecko) Chrome/52.0.2743.116 Safari/537.36"
::1 - - [Thu, 18 Aug 2016 06:08:46 GMT] "GET /KindEditor/lang/zh_CN.js HTTP/1.1" 304 - "http://localhost:3000/links" "Mozilla/5.0 (Windows NT 10.0; WOW64) AppleWebKit/537.36 (KHTML, like Gecko) Chrome/52.0.2743.116 Safari/537.36"
::1 - - [Thu, 18 Aug 2016 06:08:46 GMT] "GET /KindEditor/themes/default/default.css HTTP/1.1" 304 - "http://localhost:3000/links" "Mozilla/5.0 (Windows NT 10.0; WOW64) AppleWebKit/537.36 (KHTML, like Gecko) Chrome/52.0.2743.116 Safari/537.36"
::1 - - [Thu, 18 Aug 2016 06:08:46 GMT] "GET /tags HTTP/1.1" 200 1409 "http://localhost:3000/links" "Mozilla/5.0 (Windows NT 10.0; WOW64) AppleWebKit/537.36 (KHTML, like Gecko) Chrome/52.0.2743.116 Safari/537.36"
::1 - - [Thu, 18 Aug 2016 06:08:46 GMT] "GET /stylesheets/style.css HTTP/1.1" 304 - "http://localhost:3000/tags" "Mozilla/5.0 (Windows NT 10.0; WOW64) AppleWebKit/537.36 (KHTML, like Gecko) Chrome/52.0.2743.116 Safari/537.36"
::1 - - [Thu, 18 Aug 2016 06:08:46 GMT] "GET /KindEditor/kindeditor-min.js HTTP/1.1" 304 - "http://localhost:3000/tags" "Mozilla/5.0 (Windows NT 10.0; WOW64) AppleWebKit/537.36 (KHTML, like Gecko) Chrome/52.0.2743.116 Safari/537.36"
::1 - - [Thu, 18 Aug 2016 06:08:46 GMT] "GET /KindEditor/lang/zh_CN.js HTTP/1.1" 304 - "http://localhost:3000/tags" "Mozilla/5.0 (Windows NT 10.0; WOW64) AppleWebKit/537.36 (KHTML, like Gecko) Chrome/52.0.2743.116 Safari/537.36"
::1 - - [Thu, 18 Aug 2016 06:08:46 GMT] "GET /KindEditor/themes/default/default.css HTTP/1.1" 304 - "http://localhost:3000/tags" "Mozilla/5.0 (Windows NT 10.0; WOW64) AppleWebKit/537.36 (KHTML, like Gecko) Chrome/52.0.2743.116 Safari/537.36"
::1 - - [Thu, 18 Aug 2016 06:08:47 GMT] "GET /archive HTTP/1.1" 200 1457 "http://localhost:3000/tags" "Mozilla/5.0 (Windows NT 10.0; WOW64) AppleWebKit/537.36 (KHTML, like Gecko) Chrome/52.0.2743.116 Safari/537.36"
::1 - - [Thu, 18 Aug 2016 06:08:47 GMT] "GET /stylesheets/style.css HTTP/1.1" 304 - "http://localhost:3000/archive" "Mozilla/5.0 (Windows NT 10.0; WOW64) AppleWebKit/537.36 (KHTML, like Gecko) Chrome/52.0.2743.116 Safari/537.36"
::1 - - [Thu, 18 Aug 2016 06:08:47 GMT] "GET /KindEditor/kindeditor-min.js HTTP/1.1" 304 - "http://localhost:3000/archive" "Mozilla/5.0 (Windows NT 10.0; WOW64) AppleWebKit/537.36 (KHTML, like Gecko) Chrome/52.0.2743.116 Safari/537.36"
::1 - - [Thu, 18 Aug 2016 06:08:47 GMT] "GET /KindEditor/lang/zh_CN.js HTTP/1.1" 304 - "http://localhost:3000/archive" "Mozilla/5.0 (Windows NT 10.0; WOW64) AppleWebKit/537.36 (KHTML, like Gecko) Chrome/52.0.2743.116 Safari/537.36"
::1 - - [Thu, 18 Aug 2016 06:08:47 GMT] "GET /KindEditor/themes/default/default.css HTTP/1.1" 304 - "http://localhost:3000/archive" "Mozilla/5.0 (Windows NT 10.0; WOW64) AppleWebKit/537.36 (KHTML, like Gecko) Chrome/52.0.2743.116 Safari/537.36"
::1 - - [Thu, 18 Aug 2016 06:08:48 GMT] "GET /login HTTP/1.1" 304 - "http://localhost:3000/archive" "Mozilla/5.0 (Windows NT 10.0; WOW64) AppleWebKit/537.36 (KHTML, like Gecko) Chrome/52.0.2743.116 Safari/537.36"
::1 - - [Thu, 18 Aug 2016 06:08:48 GMT] "GET /stylesheets/style.css HTTP/1.1" 304 - "http://localhost:3000/login" "Mozilla/5.0 (Windows NT 10.0; WOW64) AppleWebKit/537.36 (KHTML, like Gecko) Chrome/52.0.2743.116 Safari/537.36"
::1 - - [Thu, 18 Aug 2016 06:08:48 GMT] "GET /KindEditor/kindeditor-min.js HTTP/1.1" 304 - "http://localhost:3000/login" "Mozilla/5.0 (Windows NT 10.0; WOW64) AppleWebKit/537.36 (KHTML, like Gecko) Chrome/52.0.2743.116 Safari/537.36"
::1 - - [Thu, 18 Aug 2016 06:08:48 GMT] "GET /KindEditor/lang/zh_CN.js HTTP/1.1" 304 - "http://localhost:3000/login" "Mozilla/5.0 (Windows NT 10.0; WOW64) AppleWebKit/537.36 (KHTML, like Gecko) Chrome/52.0.2743.116 Safari/537.36"
::1 - - [Thu, 18 Aug 2016 06:08:48 GMT] "GET /KindEditor/themes/default/default.css HTTP/1.1" 304 - "http://localhost:3000/login" "Mozilla/5.0 (Windows NT 10.0; WOW64) AppleWebKit/537.36 (KHTML, like Gecko) Chrome/52.0.2743.116 Safari/537.36"
::1 - - [Thu, 18 Aug 2016 06:08:49 GMT] "POST /login HTTP/1.1" 302 46 "http://localhost:3000/login" "Mozilla/5.0 (Windows NT 10.0; WOW64) AppleWebKit/537.36 (KHTML, like Gecko) Chrome/52.0.2743.116 Safari/537.36"
::1 - - [Thu, 18 Aug 2016 06:08:49 GMT] "GET / HTTP/1.1" 200 2112 "http://localhost:3000/login" "Mozilla/5.0 (Windows NT 10.0; WOW64) AppleWebKit/537.36 (KHTML, like Gecko) Chrome/52.0.2743.116 Safari/537.36"
::1 - - [Thu, 18 Aug 2016 06:08:49 GMT] "GET /stylesheets/style.css HTTP/1.1" 304 - "http://localhost:3000/" "Mozilla/5.0 (Windows NT 10.0; WOW64) AppleWebKit/537.36 (KHTML, like Gecko) Chrome/52.0.2743.116 Safari/537.36"
::1 - - [Thu, 18 Aug 2016 06:08:49 GMT] "GET /KindEditor/kindeditor-min.js HTTP/1.1" 304 - "http://localhost:3000/" "Mozilla/5.0 (Windows NT 10.0; WOW64) AppleWebKit/537.36 (KHTML, like Gecko) Chrome/52.0.2743.116 Safari/537.36"
::1 - - [Thu, 18 Aug 2016 06:08:49 GMT] "GET /KindEditor/lang/zh_CN.js HTTP/1.1" 304 - "http://localhost:3000/" "Mozilla/5.0 (Windows NT 10.0; WOW64) AppleWebKit/537.36 (KHTML, like Gecko) Chrome/52.0.2743.116 Safari/537.36"
::1 - - [Thu, 18 Aug 2016 06:08:49 GMT] "GET /KindEditor/themes/default/default.css HTTP/1.1" 304 - "http://localhost:3000/" "Mozilla/5.0 (Windows NT 10.0; WOW64) AppleWebKit/537.36 (KHTML, like Gecko) Chrome/52.0.2743.116 Safari/537.36"
::1 - - [Thu, 18 Aug 2016 06:08:50 GMT] "GET /post HTTP/1.1" 200 1685 "http://localhost:3000/" "Mozilla/5.0 (Windows NT 10.0; WOW64) AppleWebKit/537.36 (KHTML, like Gecko) Chrome/52.0.2743.116 Safari/537.36"
::1 - - [Thu, 18 Aug 2016 06:08:50 GMT] "GET /stylesheets/style.css HTTP/1.1" 304 - "http://localhost:3000/post" "Mozilla/5.0 (Windows NT 10.0; WOW64) AppleWebKit/537.36 (KHTML, like Gecko) Chrome/52.0.2743.116 Safari/537.36"
::1 - - [Thu, 18 Aug 2016 06:08:50 GMT] "GET /KindEditor/kindeditor-min.js HTTP/1.1" 304 - "http://localhost:3000/post" "Mozilla/5.0 (Windows NT 10.0; WOW64) AppleWebKit/537.36 (KHTML, like Gecko) Chrome/52.0.2743.116 Safari/537.36"
::1 - - [Thu, 18 Aug 2016 06:08:50 GMT] "GET /KindEditor/lang/zh_CN.js HTTP/1.1" 304 - "http://localhost:3000/post" "Mozilla/5.0 (Windows NT 10.0; WOW64) AppleWebKit/537.36 (KHTML, like Gecko) Chrome/52.0.2743.116 Safari/537.36"
::1 - - [Thu, 18 Aug 2016 06:08:50 GMT] "GET /KindEditor/themes/default/default.css HTTP/1.1" 304 - "http://localhost:3000/post" "Mozilla/5.0 (Windows NT 10.0; WOW64) AppleWebKit/537.36 (KHTML, like Gecko) Chrome/52.0.2743.116 Safari/537.36"
::1 - - [Thu, 18 Aug 2016 06:08:50 GMT] "GET /KindEditor/themes/default/default.png HTTP/1.1" 200 8299 "http://localhost:3000/KindEditor/themes/default/default.css" "Mozilla/5.0 (Windows NT 10.0; WOW64) AppleWebKit/537.36 (KHTML, like Gecko) Chrome/52.0.2743.116 Safari/537.36"
::1 - - [Thu, 18 Aug 2016 06:08:53 GMT] "GET /KindEditor/plugins/emoticons/emoticons.js?ver=4.1.1%20(2012-06-10) HTTP/1.1" 200 4058 "http://localhost:3000/post" "Mozilla/5.0 (Windows NT 10.0; WOW64) AppleWebKit/537.36 (KHTML, like Gecko) Chrome/52.0.2743.116 Safari/537.36"
::1 - - [Thu, 18 Aug 2016 06:08:53 GMT] "GET /KindEditor/plugins/emoticons/images/0.gif HTTP/1.1" 200 1810 "http://localhost:3000/post" "Mozilla/5.0 (Windows NT 10.0; WOW64) AppleWebKit/537.36 (KHTML, like Gecko) Chrome/52.0.2743.116 Safari/537.36"
::1 - - [Thu, 18 Aug 2016 06:08:53 GMT] "GET /KindEditor/plugins/emoticons/images/static.gif HTTP/1.1" 200 35504 "http://localhost:3000/post" "Mozilla/5.0 (Windows NT 10.0; WOW64) AppleWebKit/537.36 (KHTML, like Gecko) Chrome/52.0.2743.116 Safari/537.36"
::1 - - [Thu, 18 Aug 2016 06:08:53 GMT] "GET /KindEditor/plugins/emoticons/images/9.gif HTTP/1.1" 200 3298 "http://localhost:3000/post" "Mozilla/5.0 (Windows NT 10.0; WOW64) AppleWebKit/537.36 (KHTML, like Gecko) Chrome/52.0.2743.116 Safari/537.36"
::1 - - [Thu, 18 Aug 2016 06:08:53 GMT] "GET /KindEditor/plugins/emoticons/images/10.gif HTTP/1.1" 200 3716 "http://localhost:3000/post" "Mozilla/5.0 (Windows NT 10.0; WOW64) AppleWebKit/537.36 (KHTML, like Gecko) Chrome/52.0.2743.116 Safari/537.36"
::1 - - [Thu, 18 Aug 2016 06:08:54 GMT] "GET /KindEditor/plugins/emoticons/images/1.gif HTTP/1.1" 200 1582 "http://localhost:3000/post" "Mozilla/5.0 (Windows NT 10.0; WOW64) AppleWebKit/537.36 (KHTML, like Gecko) Chrome/52.0.2743.116 Safari/537.36"
::1 - - [Thu, 18 Aug 2016 06:08:54 GMT] "GET /KindEditor/plugins/emoticons/images/0.gif HTTP/1.1" 304 - "http://localhost:3000/post" "Mozilla/5.0 (Windows NT 10.0; WOW64) AppleWebKit/537.36 (KHTML, like Gecko) Chrome/52.0.2743.116 Safari/537.36"
::1 - - [Thu, 18 Aug 2016 06:09:05 GMT] "POST /post HTTP/1.1" 302 46 "http://localhost:3000/post" "Mozilla/5.0 (Windows NT 10.0; WOW64) AppleWebKit/537.36 (KHTML, like Gecko) Chrome/52.0.2743.116 Safari/537.36"
::1 - - [Thu, 18 Aug 2016 06:09:05 GMT] "GET / HTTP/1.1" 200 3061 "http://localhost:3000/post" "Mozilla/5.0 (Windows NT 10.0; WOW64) AppleWebKit/537.36 (KHTML, like Gecko) Chrome/52.0.2743.116 Safari/537.36"
::1 - - [Thu, 18 Aug 2016 06:09:05 GMT] "GET /stylesheets/style.css HTTP/1.1" 304 - "http://localhost:3000/" "Mozilla/5.0 (Windows NT 10.0; WOW64) AppleWebKit/537.36 (KHTML, like Gecko) Chrome/52.0.2743.116 Safari/537.36"
::1 - - [Thu, 18 Aug 2016 06:09:05 GMT] "GET /KindEditor/kindeditor-min.js HTTP/1.1" 304 - "http://localhost:3000/" "Mozilla/5.0 (Windows NT 10.0; WOW64) AppleWebKit/537.36 (KHTML, like Gecko) Chrome/52.0.2743.116 Safari/537.36"
::1 - - [Thu, 18 Aug 2016 06:09:05 GMT] "GET /KindEditor/lang/zh_CN.js HTTP/1.1" 304 - "http://localhost:3000/" "Mozilla/5.0 (Windows NT 10.0; WOW64) AppleWebKit/537.36 (KHTML, like Gecko) Chrome/52.0.2743.116 Safari/537.36"
::1 - - [Thu, 18 Aug 2016 06:09:05 GMT] "GET /KindEditor/themes/default/default.css HTTP/1.1" 304 - "http://localhost:3000/" "Mozilla/5.0 (Windows NT 10.0; WOW64) AppleWebKit/537.36 (KHTML, like Gecko) Chrome/52.0.2743.116 Safari/537.36"
::1 - - [Thu, 18 Aug 2016 06:09:16 GMT] "GET /u/zyf123/2016-8-18/243 HTTP/1.1" 200 2611 "http://localhost:3000/" "Mozilla/5.0 (Windows NT 10.0; WOW64) AppleWebKit/537.36 (KHTML, like Gecko) Chrome/52.0.2743.116 Safari/537.36"
::1 - - [Thu, 18 Aug 2016 06:09:16 GMT] "GET /stylesheets/style.css HTTP/1.1" 304 - "http://localhost:3000/u/zyf123/2016-8-18/243" "Mozilla/5.0 (Windows NT 10.0; WOW64) AppleWebKit/537.36 (KHTML, like Gecko) Chrome/52.0.2743.116 Safari/537.36"
::1 - - [Thu, 18 Aug 2016 06:09:16 GMT] "GET /KindEditor/kindeditor-min.js HTTP/1.1" 304 - "http://localhost:3000/u/zyf123/2016-8-18/243" "Mozilla/5.0 (Windows NT 10.0; WOW64) AppleWebKit/537.36 (KHTML, like Gecko) Chrome/52.0.2743.116 Safari/537.36"
::1 - - [Thu, 18 Aug 2016 06:09:16 GMT] "GET /KindEditor/lang/zh_CN.js HTTP/1.1" 304 - "http://localhost:3000/u/zyf123/2016-8-18/243" "Mozilla/5.0 (Windows NT 10.0; WOW64) AppleWebKit/537.36 (KHTML, like Gecko) Chrome/52.0.2743.116 Safari/537.36"
::1 - - [Thu, 18 Aug 2016 06:09:16 GMT] "GET /KindEditor/themes/default/default.css HTTP/1.1" 304 - "http://localhost:3000/u/zyf123/2016-8-18/243" "Mozilla/5.0 (Windows NT 10.0; WOW64) AppleWebKit/537.36 (KHTML, like Gecko) Chrome/52.0.2743.116 Safari/537.36"
::1 - - [Thu, 18 Aug 2016 06:09:23 GMT] "POST /u/zyf123/2016-8-18/243 HTTP/1.1" 302 132 "http://localhost:3000/u/zyf123/2016-8-18/243" "Mozilla/5.0 (Windows NT 10.0; WOW64) AppleWebKit/537.36 (KHTML, like Gecko) Chrome/52.0.2743.116 Safari/537.36"
::1 - - [Thu, 18 Aug 2016 06:09:23 GMT] "GET /u/zyf123/2016-8-18/243 HTTP/1.1" 200 2899 "http://localhost:3000/u/zyf123/2016-8-18/243" "Mozilla/5.0 (Windows NT 10.0; WOW64) AppleWebKit/537.36 (KHTML, like Gecko) Chrome/52.0.2743.116 Safari/537.36"
::1 - - [Thu, 18 Aug 2016 06:09:23 GMT] "GET /stylesheets/style.css HTTP/1.1" 304 - "http://localhost:3000/u/zyf123/2016-8-18/243" "Mozilla/5.0 (Windows NT 10.0; WOW64) AppleWebKit/537.36 (KHTML, like Gecko) Chrome/52.0.2743.116 Safari/537.36"
::1 - - [Thu, 18 Aug 2016 06:09:23 GMT] "GET /KindEditor/kindeditor-min.js HTTP/1.1" 304 - "http://localhost:3000/u/zyf123/2016-8-18/243" "Mozilla/5.0 (Windows NT 10.0; WOW64) AppleWebKit/537.36 (KHTML, like Gecko) Chrome/52.0.2743.116 Safari/537.36"
::1 - - [Thu, 18 Aug 2016 06:09:23 GMT] "GET /KindEditor/lang/zh_CN.js HTTP/1.1" 304 - "http://localhost:3000/u/zyf123/2016-8-18/243" "Mozilla/5.0 (Windows NT 10.0; WOW64) AppleWebKit/537.36 (KHTML, like Gecko) Chrome/52.0.2743.116 Safari/537.36"
::1 - - [Thu, 18 Aug 2016 06:09:23 GMT] "GET /KindEditor/themes/default/default.css HTTP/1.1" 304 - "http://localhost:3000/u/zyf123/2016-8-18/243" "Mozilla/5.0 (Windows NT 10.0; WOW64) AppleWebKit/537.36 (KHTML, like Gecko) Chrome/52.0.2743.116 Safari/537.36"
::1 - - [Thu, 18 Aug 2016 06:09:24 GMT] "GET /post HTTP/1.1" 200 1685 "http://localhost:3000/u/zyf123/2016-8-18/243" "Mozilla/5.0 (Windows NT 10.0; WOW64) AppleWebKit/537.36 (KHTML, like Gecko) Chrome/52.0.2743.116 Safari/537.36"
::1 - - [Thu, 18 Aug 2016 06:09:24 GMT] "GET /stylesheets/style.css HTTP/1.1" 304 - "http://localhost:3000/post" "Mozilla/5.0 (Windows NT 10.0; WOW64) AppleWebKit/537.36 (KHTML, like Gecko) Chrome/52.0.2743.116 Safari/537.36"
::1 - - [Thu, 18 Aug 2016 06:09:24 GMT] "GET /KindEditor/kindeditor-min.js HTTP/1.1" 304 - "http://localhost:3000/post" "Mozilla/5.0 (Windows NT 10.0; WOW64) AppleWebKit/537.36 (KHTML, like Gecko) Chrome/52.0.2743.116 Safari/537.36"
::1 - - [Thu, 18 Aug 2016 06:09:25 GMT] "GET /KindEditor/lang/zh_CN.js HTTP/1.1" 304 - "http://localhost:3000/post" "Mozilla/5.0 (Windows NT 10.0; WOW64) AppleWebKit/537.36 (KHTML, like Gecko) Chrome/52.0.2743.116 Safari/537.36"
::1 - - [Thu, 18 Aug 2016 06:09:25 GMT] "GET /KindEditor/themes/default/default.css HTTP/1.1" 304 - "http://localhost:3000/post" "Mozilla/5.0 (Windows NT 10.0; WOW64) AppleWebKit/537.36 (KHTML, like Gecko) Chrome/52.0.2743.116 Safari/537.36"
::1 - - [Thu, 18 Aug 2016 06:09:35 GMT] "POST /post HTTP/1.1" 302 46 "http://localhost:3000/post" "Mozilla/5.0 (Windows NT 10.0; WOW64) AppleWebKit/537.36 (KHTML, like Gecko) Chrome/52.0.2743.116 Safari/537.36"
::1 - - [Thu, 18 Aug 2016 06:09:35 GMT] "GET / HTTP/1.1" 200 3604 "http://localhost:3000/post" "Mozilla/5.0 (Windows NT 10.0; WOW64) AppleWebKit/537.36 (KHTML, like Gecko) Chrome/52.0.2743.116 Safari/537.36"
::1 - - [Thu, 18 Aug 2016 06:09:35 GMT] "GET /stylesheets/style.css HTTP/1.1" 304 - "http://localhost:3000/" "Mozilla/5.0 (Windows NT 10.0; WOW64) AppleWebKit/537.36 (KHTML, like Gecko) Chrome/52.0.2743.116 Safari/537.36"
::1 - - [Thu, 18 Aug 2016 06:09:35 GMT] "GET /KindEditor/kindeditor-min.js HTTP/1.1" 304 - "http://localhost:3000/" "Mozilla/5.0 (Windows NT 10.0; WOW64) AppleWebKit/537.36 (KHTML, like Gecko) Chrome/52.0.2743.116 Safari/537.36"
::1 - - [Thu, 18 Aug 2016 06:09:35 GMT] "GET /KindEditor/lang/zh_CN.js HTTP/1.1" 304 - "http://localhost:3000/" "Mozilla/5.0 (Windows NT 10.0; WOW64) AppleWebKit/537.36 (KHTML, like Gecko) Chrome/52.0.2743.116 Safari/537.36"
::1 - - [Thu, 18 Aug 2016 06:09:35 GMT] "GET /KindEditor/themes/default/default.css HTTP/1.1" 304 - "http://localhost:3000/" "Mozilla/5.0 (Windows NT 10.0; WOW64) AppleWebKit/537.36 (KHTML, like Gecko) Chrome/52.0.2743.116 Safari/537.36"
::1 - - [Thu, 18 Aug 2016 06:09:42 GMT] "GET /u/zyf123/2016-8-18/qwe HTTP/1.1" 200 2205 "http://localhost:3000/" "Mozilla/5.0 (Windows NT 10.0; WOW64) AppleWebKit/537.36 (KHTML, like Gecko) Chrome/52.0.2743.116 Safari/537.36"
::1 - - [Thu, 18 Aug 2016 06:09:43 GMT] "GET /stylesheets/style.css HTTP/1.1" 304 - "http://localhost:3000/u/zyf123/2016-8-18/qwe" "Mozilla/5.0 (Windows NT 10.0; WOW64) AppleWebKit/537.36 (KHTML, like Gecko) Chrome/52.0.2743.116 Safari/537.36"
::1 - - [Thu, 18 Aug 2016 06:09:43 GMT] "GET /KindEditor/kindeditor-min.js HTTP/1.1" 304 - "http://localhost:3000/u/zyf123/2016-8-18/qwe" "Mozilla/5.0 (Windows NT 10.0; WOW64) AppleWebKit/537.36 (KHTML, like Gecko) Chrome/52.0.2743.116 Safari/537.36"
::1 - - [Thu, 18 Aug 2016 06:09:43 GMT] "GET /KindEditor/lang/zh_CN.js HTTP/1.1" 304 - "http://localhost:3000/u/zyf123/2016-8-18/qwe" "Mozilla/5.0 (Windows NT 10.0; WOW64) AppleWebKit/537.36 (KHTML, like Gecko) Chrome/52.0.2743.116 Safari/537.36"
::1 - - [Thu, 18 Aug 2016 06:09:43 GMT] "GET /KindEditor/themes/default/default.css HTTP/1.1" 304 - "http://localhost:3000/u/zyf123/2016-8-18/qwe" "Mozilla/5.0 (Windows NT 10.0; WOW64) AppleWebKit/537.36 (KHTML, like Gecko) Chrome/52.0.2743.116 Safari/537.36"
::1 - - [Thu, 18 Aug 2016 06:09:45 GMT] "POST /u/zyf123/2016-8-18/qwe HTTP/1.1" 302 132 "http://localhost:3000/u/zyf123/2016-8-18/qwe" "Mozilla/5.0 (Windows NT 10.0; WOW64) AppleWebKit/537.36 (KHTML, like Gecko) Chrome/52.0.2743.116 Safari/537.36"
::1 - - [Thu, 18 Aug 2016 06:09:45 GMT] "GET /u/zyf123/2016-8-18/qwe HTTP/1.1" 200 2484 "http://localhost:3000/u/zyf123/2016-8-18/qwe" "Mozilla/5.0 (Windows NT 10.0; WOW64) AppleWebKit/537.36 (KHTML, like Gecko) Chrome/52.0.2743.116 Safari/537.36"
::1 - - [Thu, 18 Aug 2016 06:09:45 GMT] "GET /stylesheets/style.css HTTP/1.1" 304 - "http://localhost:3000/u/zyf123/2016-8-18/qwe" "Mozilla/5.0 (Windows NT 10.0; WOW64) AppleWebKit/537.36 (KHTML, like Gecko) Chrome/52.0.2743.116 Safari/537.36"
::1 - - [Thu, 18 Aug 2016 06:09:45 GMT] "GET /KindEditor/kindeditor-min.js HTTP/1.1" 304 - "http://localhost:3000/u/zyf123/2016-8-18/qwe" "Mozilla/5.0 (Windows NT 10.0; WOW64) AppleWebKit/537.36 (KHTML, like Gecko) Chrome/52.0.2743.116 Safari/537.36"
::1 - - [Thu, 18 Aug 2016 06:09:45 GMT] "GET /KindEditor/lang/zh_CN.js HTTP/1.1" 304 - "http://localhost:3000/u/zyf123/2016-8-18/qwe" "Mozilla/5.0 (Windows NT 10.0; WOW64) AppleWebKit/537.36 (KHTML, like Gecko) Chrome/52.0.2743.116 Safari/537.36"
::1 - - [Thu, 18 Aug 2016 06:09:45 GMT] "GET /KindEditor/themes/default/default.css HTTP/1.1" 304 - "http://localhost:3000/u/zyf123/2016-8-18/qwe" "Mozilla/5.0 (Windows NT 10.0; WOW64) AppleWebKit/537.36 (KHTML, like Gecko) Chrome/52.0.2743.116 Safari/537.36"
::1 - - [Thu, 18 Aug 2016 06:09:48 GMT] "POST /u/zyf123/2016-8-18/qwe HTTP/1.1" 302 132 "http://localhost:3000/u/zyf123/2016-8-18/qwe" "Mozilla/5.0 (Windows NT 10.0; WOW64) AppleWebKit/537.36 (KHTML, like Gecko) Chrome/52.0.2743.116 Safari/537.36"
::1 - - [Thu, 18 Aug 2016 06:09:48 GMT] "GET /u/zyf123/2016-8-18/qwe HTTP/1.1" 200 2745 "http://localhost:3000/u/zyf123/2016-8-18/qwe" "Mozilla/5.0 (Windows NT 10.0; WOW64) AppleWebKit/537.36 (KHTML, like Gecko) Chrome/52.0.2743.116 Safari/537.36"
::1 - - [Thu, 18 Aug 2016 06:09:48 GMT] "GET /stylesheets/style.css HTTP/1.1" 304 - "http://localhost:3000/u/zyf123/2016-8-18/qwe" "Mozilla/5.0 (Windows NT 10.0; WOW64) AppleWebKit/537.36 (KHTML, like Gecko) Chrome/52.0.2743.116 Safari/537.36"
::1 - - [Thu, 18 Aug 2016 06:09:48 GMT] "GET /KindEditor/lang/zh_CN.js HTTP/1.1" 304 - "http://localhost:3000/u/zyf123/2016-8-18/qwe" "Mozilla/5.0 (Windows NT 10.0; WOW64) AppleWebKit/537.36 (KHTML, like Gecko) Chrome/52.0.2743.116 Safari/537.36"
::1 - - [Thu, 18 Aug 2016 06:09:48 GMT] "GET /KindEditor/kindeditor-min.js HTTP/1.1" 304 - "http://localhost:3000/u/zyf123/2016-8-18/qwe" "Mozilla/5.0 (Windows NT 10.0; WOW64) AppleWebKit/537.36 (KHTML, like Gecko) Chrome/52.0.2743.116 Safari/537.36"
::1 - - [Thu, 18 Aug 2016 06:09:48 GMT] "GET /KindEditor/themes/default/default.css HTTP/1.1" 304 - "http://localhost:3000/u/zyf123/2016-8-18/qwe" "Mozilla/5.0 (Windows NT 10.0; WOW64) AppleWebKit/537.36 (KHTML, like Gecko) Chrome/52.0.2743.116 Safari/537.36"
::1 - - [Thu, 18 Aug 2016 06:09:50 GMT] "POST /u/zyf123/2016-8-18/qwe HTTP/1.1" 302 132 "http://localhost:3000/u/zyf123/2016-8-18/qwe" "Mozilla/5.0 (Windows NT 10.0; WOW64) AppleWebKit/537.36 (KHTML, like Gecko) Chrome/52.0.2743.116 Safari/537.36"
::1 - - [Thu, 18 Aug 2016 06:09:50 GMT] "GET /u/zyf123/2016-8-18/qwe HTTP/1.1" 200 2996 "http://localhost:3000/u/zyf123/2016-8-18/qwe" "Mozilla/5.0 (Windows NT 10.0; WOW64) AppleWebKit/537.36 (KHTML, like Gecko) Chrome/52.0.2743.116 Safari/537.36"
::1 - - [Thu, 18 Aug 2016 06:09:50 GMT] "GET /stylesheets/style.css HTTP/1.1" 304 - "http://localhost:3000/u/zyf123/2016-8-18/qwe" "Mozilla/5.0 (Windows NT 10.0; WOW64) AppleWebKit/537.36 (KHTML, like Gecko) Chrome/52.0.2743.116 Safari/537.36"
::1 - - [Thu, 18 Aug 2016 06:09:50 GMT] "GET /KindEditor/kindeditor-min.js HTTP/1.1" 304 - "http://localhost:3000/u/zyf123/2016-8-18/qwe" "Mozilla/5.0 (Windows NT 10.0; WOW64) AppleWebKit/537.36 (KHTML, like Gecko) Chrome/52.0.2743.116 Safari/537.36"
::1 - - [Thu, 18 Aug 2016 06:09:50 GMT] "GET /KindEditor/lang/zh_CN.js HTTP/1.1" 304 - "http://localhost:3000/u/zyf123/2016-8-18/qwe" "Mozilla/5.0 (Windows NT 10.0; WOW64) AppleWebKit/537.36 (KHTML, like Gecko) Chrome/52.0.2743.116 Safari/537.36"
::1 - - [Thu, 18 Aug 2016 06:09:50 GMT] "GET /KindEditor/themes/default/default.css HTTP/1.1" 304 - "http://localhost:3000/u/zyf123/2016-8-18/qwe" "Mozilla/5.0 (Windows NT 10.0; WOW64) AppleWebKit/537.36 (KHTML, like Gecko) Chrome/52.0.2743.116 Safari/537.36"
::1 - - [Thu, 18 Aug 2016 09:40:16 GMT] "GET /u/zyf123/2016-8-18/qwe HTTP/1.1" 200 2812 "http://localhost:3000/" "Mozilla/5.0 (Windows NT 10.0; WOW64) AppleWebKit/537.36 (KHTML, like Gecko) Chrome/52.0.2743.116 Safari/537.36"
::1 - - [Thu, 18 Aug 2016 09:40:16 GMT] "GET /stylesheets/style.css HTTP/1.1" 304 - "http://localhost:3000/u/zyf123/2016-8-18/qwe" "Mozilla/5.0 (Windows NT 10.0; WOW64) AppleWebKit/537.36 (KHTML, like Gecko) Chrome/52.0.2743.116 Safari/537.36"
::1 - - [Thu, 18 Aug 2016 09:40:16 GMT] "GET /KindEditor/kindeditor-min.js HTTP/1.1" 304 - "http://localhost:3000/u/zyf123/2016-8-18/qwe" "Mozilla/5.0 (Windows NT 10.0; WOW64) AppleWebKit/537.36 (KHTML, like Gecko) Chrome/52.0.2743.116 Safari/537.36"
::1 - - [Thu, 18 Aug 2016 09:40:16 GMT] "GET /KindEditor/lang/zh_CN.js HTTP/1.1" 304 - "http://localhost:3000/u/zyf123/2016-8-18/qwe" "Mozilla/5.0 (Windows NT 10.0; WOW64) AppleWebKit/537.36 (KHTML, like Gecko) Chrome/52.0.2743.116 Safari/537.36"
::1 - - [Thu, 18 Aug 2016 09:40:17 GMT] "GET /KindEditor/themes/default/default.css HTTP/1.1" 304 - "http://localhost:3000/u/zyf123/2016-8-18/qwe" "Mozilla/5.0 (Windows NT 10.0; WOW64) AppleWebKit/537.36 (KHTML, like Gecko) Chrome/52.0.2743.116 Safari/537.36"
::1 - - [Thu, 18 Aug 2016 09:40:21 GMT] "GET /post HTTP/1.1" 200 1685 "http://localhost:3000/u/zyf123/2016-8-18/qwe" "Mozilla/5.0 (Windows NT 10.0; WOW64) AppleWebKit/537.36 (KHTML, like Gecko) Chrome/52.0.2743.116 Safari/537.36"
::1 - - [Thu, 18 Aug 2016 09:40:21 GMT] "GET /KindEditor/kindeditor-min.js HTTP/1.1" 304 - "http://localhost:3000/post" "Mozilla/5.0 (Windows NT 10.0; WOW64) AppleWebKit/537.36 (KHTML, like Gecko) Chrome/52.0.2743.116 Safari/537.36"
::1 - - [Thu, 18 Aug 2016 09:40:21 GMT] "GET /KindEditor/lang/zh_CN.js HTTP/1.1" 304 - "http://localhost:3000/post" "Mozilla/5.0 (Windows NT 10.0; WOW64) AppleWebKit/537.36 (KHTML, like Gecko) Chrome/52.0.2743.116 Safari/537.36"
::1 - - [Thu, 18 Aug 2016 09:40:21 GMT] "GET /stylesheets/style.css HTTP/1.1" 304 - "http://localhost:3000/post" "Mozilla/5.0 (Windows NT 10.0; WOW64) AppleWebKit/537.36 (KHTML, like Gecko) Chrome/52.0.2743.116 Safari/537.36"
::1 - - [Thu, 18 Aug 2016 09:40:21 GMT] "GET /KindEditor/themes/default/default.css HTTP/1.1" 304 - "http://localhost:3000/post" "Mozilla/5.0 (Windows NT 10.0; WOW64) AppleWebKit/537.36 (KHTML, like Gecko) Chrome/52.0.2743.116 Safari/537.36"
::1 - - [Thu, 18 Aug 2016 09:40:21 GMT] "GET /KindEditor/themes/default/default.png HTTP/1.1" 304 - "http://localhost:3000/KindEditor/themes/default/default.css" "Mozilla/5.0 (Windows NT 10.0; WOW64) AppleWebKit/537.36 (KHTML, like Gecko) Chrome/52.0.2743.116 Safari/537.36"
::1 - - [Thu, 18 Aug 2016 09:40:22 GMT] "GET /upload HTTP/1.1" 200 1656 "http://localhost:3000/post" "Mozilla/5.0 (Windows NT 10.0; WOW64) AppleWebKit/537.36 (KHTML, like Gecko) Chrome/52.0.2743.116 Safari/537.36"
::1 - - [Thu, 18 Aug 2016 09:40:22 GMT] "GET /stylesheets/style.css HTTP/1.1" 304 - "http://localhost:3000/upload" "Mozilla/5.0 (Windows NT 10.0; WOW64) AppleWebKit/537.36 (KHTML, like Gecko) Chrome/52.0.2743.116 Safari/537.36"
::1 - - [Thu, 18 Aug 2016 09:40:22 GMT] "GET /KindEditor/kindeditor-min.js HTTP/1.1" 304 - "http://localhost:3000/upload" "Mozilla/5.0 (Windows NT 10.0; WOW64) AppleWebKit/537.36 (KHTML, like Gecko) Chrome/52.0.2743.116 Safari/537.36"
::1 - - [Thu, 18 Aug 2016 09:40:22 GMT] "GET /KindEditor/lang/zh_CN.js HTTP/1.1" 304 - "http://localhost:3000/upload" "Mozilla/5.0 (Windows NT 10.0; WOW64) AppleWebKit/537.36 (KHTML, like Gecko) Chrome/52.0.2743.116 Safari/537.36"
::1 - - [Thu, 18 Aug 2016 09:40:22 GMT] "GET /KindEditor/themes/default/default.css HTTP/1.1" 304 - "http://localhost:3000/upload" "Mozilla/5.0 (Windows NT 10.0; WOW64) AppleWebKit/537.36 (KHTML, like Gecko) Chrome/52.0.2743.116 Safari/537.36"
::1 - - [Thu, 18 Aug 2016 09:40:23 GMT] "GET /links HTTP/1.1" 200 1470 "http://localhost:3000/upload" "Mozilla/5.0 (Windows NT 10.0; WOW64) AppleWebKit/537.36 (KHTML, like Gecko) Chrome/52.0.2743.116 Safari/537.36"
::1 - - [Thu, 18 Aug 2016 09:40:23 GMT] "GET /stylesheets/style.css HTTP/1.1" 304 - "http://localhost:3000/links" "Mozilla/5.0 (Windows NT 10.0; WOW64) AppleWebKit/537.36 (KHTML, like Gecko) Chrome/52.0.2743.116 Safari/537.36"
::1 - - [Thu, 18 Aug 2016 09:40:23 GMT] "GET /KindEditor/kindeditor-min.js HTTP/1.1" 304 - "http://localhost:3000/links" "Mozilla/5.0 (Windows NT 10.0; WOW64) AppleWebKit/537.36 (KHTML, like Gecko) Chrome/52.0.2743.116 Safari/537.36"
::1 - - [Thu, 18 Aug 2016 09:40:23 GMT] "GET /KindEditor/lang/zh_CN.js HTTP/1.1" 304 - "http://localhost:3000/links" "Mozilla/5.0 (Windows NT 10.0; WOW64) AppleWebKit/537.36 (KHTML, like Gecko) Chrome/52.0.2743.116 Safari/537.36"
::1 - - [Thu, 18 Aug 2016 09:40:23 GMT] "GET /KindEditor/themes/default/default.css HTTP/1.1" 304 - "http://localhost:3000/links" "Mozilla/5.0 (Windows NT 10.0; WOW64) AppleWebKit/537.36 (KHTML, like Gecko) Chrome/52.0.2743.116 Safari/537.36"
::1 - - [Thu, 18 Aug 2016 09:40:24 GMT] "GET /tags HTTP/1.1" 200 1512 "http://localhost:3000/links" "Mozilla/5.0 (Windows NT 10.0; WOW64) AppleWebKit/537.36 (KHTML, like Gecko) Chrome/52.0.2743.116 Safari/537.36"
::1 - - [Thu, 18 Aug 2016 09:40:24 GMT] "GET /stylesheets/style.css HTTP/1.1" 304 - "http://localhost:3000/tags" "Mozilla/5.0 (Windows NT 10.0; WOW64) AppleWebKit/537.36 (KHTML, like Gecko) Chrome/52.0.2743.116 Safari/537.36"
::1 - - [Thu, 18 Aug 2016 09:40:24 GMT] "GET /KindEditor/kindeditor-min.js HTTP/1.1" 304 - "http://localhost:3000/tags" "Mozilla/5.0 (Windows NT 10.0; WOW64) AppleWebKit/537.36 (KHTML, like Gecko) Chrome/52.0.2743.116 Safari/537.36"
::1 - - [Thu, 18 Aug 2016 09:40:24 GMT] "GET /KindEditor/lang/zh_CN.js HTTP/1.1" 304 - "http://localhost:3000/tags" "Mozilla/5.0 (Windows NT 10.0; WOW64) AppleWebKit/537.36 (KHTML, like Gecko) Chrome/52.0.2743.116 Safari/537.36"
::1 - - [Thu, 18 Aug 2016 09:40:24 GMT] "GET /KindEditor/themes/default/default.css HTTP/1.1" 304 - "http://localhost:3000/tags" "Mozilla/5.0 (Windows NT 10.0; WOW64) AppleWebKit/537.36 (KHTML, like Gecko) Chrome/52.0.2743.116 Safari/537.36"
::1 - - [Thu, 18 Aug 2016 09:40:25 GMT] "GET /archive HTTP/1.1" 200 1697 "http://localhost:3000/tags" "Mozilla/5.0 (Windows NT 10.0; WOW64) AppleWebKit/537.36 (KHTML, like Gecko) Chrome/52.0.2743.116 Safari/537.36"
::1 - - [Thu, 18 Aug 2016 09:40:25 GMT] "GET /stylesheets/style.css HTTP/1.1" 304 - "http://localhost:3000/archive" "Mozilla/5.0 (Windows NT 10.0; WOW64) AppleWebKit/537.36 (KHTML, like Gecko) Chrome/52.0.2743.116 Safari/537.36"
::1 - - [Thu, 18 Aug 2016 09:40:25 GMT] "GET /KindEditor/kindeditor-min.js HTTP/1.1" 304 - "http://localhost:3000/archive" "Mozilla/5.0 (Windows NT 10.0; WOW64) AppleWebKit/537.36 (KHTML, like Gecko) Chrome/52.0.2743.116 Safari/537.36"
::1 - - [Thu, 18 Aug 2016 09:40:25 GMT] "GET /KindEditor/lang/zh_CN.js HTTP/1.1" 304 - "http://localhost:3000/archive" "Mozilla/5.0 (Windows NT 10.0; WOW64) AppleWebKit/537.36 (KHTML, like Gecko) Chrome/52.0.2743.116 Safari/537.36"
::1 - - [Thu, 18 Aug 2016 09:40:25 GMT] "GET /KindEditor/themes/default/default.css HTTP/1.1" 304 - "http://localhost:3000/archive" "Mozilla/5.0 (Windows NT 10.0; WOW64) AppleWebKit/537.36 (KHTML, like Gecko) Chrome/52.0.2743.116 Safari/537.36"
::1 - - [Thu, 18 Aug 2016 09:40:26 GMT] "GET / HTTP/1.1" 200 3576 "http://localhost:3000/archive" "Mozilla/5.0 (Windows NT 10.0; WOW64) AppleWebKit/537.36 (KHTML, like Gecko) Chrome/52.0.2743.116 Safari/537.36"
::1 - - [Thu, 18 Aug 2016 09:40:26 GMT] "GET /stylesheets/style.css HTTP/1.1" 304 - "http://localhost:3000/" "Mozilla/5.0 (Windows NT 10.0; WOW64) AppleWebKit/537.36 (KHTML, like Gecko) Chrome/52.0.2743.116 Safari/537.36"
::1 - - [Thu, 18 Aug 2016 09:40:26 GMT] "GET /KindEditor/kindeditor-min.js HTTP/1.1" 304 - "http://localhost:3000/" "Mozilla/5.0 (Windows NT 10.0; WOW64) AppleWebKit/537.36 (KHTML, like Gecko) Chrome/52.0.2743.116 Safari/537.36"
::1 - - [Thu, 18 Aug 2016 09:40:26 GMT] "GET /KindEditor/lang/zh_CN.js HTTP/1.1" 304 - "http://localhost:3000/" "Mozilla/5.0 (Windows NT 10.0; WOW64) AppleWebKit/537.36 (KHTML, like Gecko) Chrome/52.0.2743.116 Safari/537.36"
::1 - - [Thu, 18 Aug 2016 09:40:26 GMT] "GET /KindEditor/themes/default/default.css HTTP/1.1" 304 - "http://localhost:3000/" "Mozilla/5.0 (Windows NT 10.0; WOW64) AppleWebKit/537.36 (KHTML, like Gecko) Chrome/52.0.2743.116 Safari/537.36"
::1 - - [Thu, 18 Aug 2016 09:40:27 GMT] "GET /u/zyf123/2016-8-18/qwe HTTP/1.1" 200 2812 "http://localhost:3000/" "Mozilla/5.0 (Windows NT 10.0; WOW64) AppleWebKit/537.36 (KHTML, like Gecko) Chrome/52.0.2743.116 Safari/537.36"
::1 - - [Thu, 18 Aug 2016 09:40:27 GMT] "GET /stylesheets/style.css HTTP/1.1" 304 - "http://localhost:3000/u/zyf123/2016-8-18/qwe" "Mozilla/5.0 (Windows NT 10.0; WOW64) AppleWebKit/537.36 (KHTML, like Gecko) Chrome/52.0.2743.116 Safari/537.36"
::1 - - [Thu, 18 Aug 2016 09:40:27 GMT] "GET /KindEditor/kindeditor-min.js HTTP/1.1" 304 - "http://localhost:3000/u/zyf123/2016-8-18/qwe" "Mozilla/5.0 (Windows NT 10.0; WOW64) AppleWebKit/537.36 (KHTML, like Gecko) Chrome/52.0.2743.116 Safari/537.36"
::1 - - [Thu, 18 Aug 2016 09:40:27 GMT] "GET /KindEditor/lang/zh_CN.js HTTP/1.1" 304 - "http://localhost:3000/u/zyf123/2016-8-18/qwe" "Mozilla/5.0 (Windows NT 10.0; WOW64) AppleWebKit/537.36 (KHTML, like Gecko) Chrome/52.0.2743.116 Safari/537.36"
::1 - - [Thu, 18 Aug 2016 09:40:27 GMT] "GET /KindEditor/themes/default/default.css HTTP/1.1" 304 - "http://localhost:3000/u/zyf123/2016-8-18/qwe" "Mozilla/5.0 (Windows NT 10.0; WOW64) AppleWebKit/537.36 (KHTML, like Gecko) Chrome/52.0.2743.116 Safari/537.36"
::1 - - [Thu, 18 Aug 2016 09:40:28 GMT] "GET /archive HTTP/1.1" 304 - "http://localhost:3000/u/zyf123/2016-8-18/qwe" "Mozilla/5.0 (Windows NT 10.0; WOW64) AppleWebKit/537.36 (KHTML, like Gecko) Chrome/52.0.2743.116 Safari/537.36"
::1 - - [Thu, 18 Aug 2016 09:40:28 GMT] "GET /stylesheets/style.css HTTP/1.1" 304 - "http://localhost:3000/archive" "Mozilla/5.0 (Windows NT 10.0; WOW64) AppleWebKit/537.36 (KHTML, like Gecko) Chrome/52.0.2743.116 Safari/537.36"
::1 - - [Thu, 18 Aug 2016 09:40:28 GMT] "GET /KindEditor/kindeditor-min.js HTTP/1.1" 304 - "http://localhost:3000/archive" "Mozilla/5.0 (Windows NT 10.0; WOW64) AppleWebKit/537.36 (KHTML, like Gecko) Chrome/52.0.2743.116 Safari/537.36"
::1 - - [Thu, 18 Aug 2016 09:40:28 GMT] "GET /KindEditor/lang/zh_CN.js HTTP/1.1" 304 - "http://localhost:3000/archive" "Mozilla/5.0 (Windows NT 10.0; WOW64) AppleWebKit/537.36 (KHTML, like Gecko) Chrome/52.0.2743.116 Safari/537.36"
::1 - - [Thu, 18 Aug 2016 09:40:28 GMT] "GET /KindEditor/themes/default/default.css HTTP/1.1" 304 - "http://localhost:3000/archive" "Mozilla/5.0 (Windows NT 10.0; WOW64) AppleWebKit/537.36 (KHTML, like Gecko) Chrome/52.0.2743.116 Safari/537.36"
::1 - - [Thu, 18 Aug 2016 09:40:29 GMT] "GET /u/zyf123/2016-8-17/%E5%A4%A7%E7%88%B1%E7%88%B1%E5%95%8A HTTP/1.1" 200 2987 "http://localhost:3000/archive" "Mozilla/5.0 (Windows NT 10.0; WOW64) AppleWebKit/537.36 (KHTML, like Gecko) Chrome/52.0.2743.116 Safari/537.36"
::1 - - [Thu, 18 Aug 2016 09:40:29 GMT] "GET /stylesheets/style.css HTTP/1.1" 304 - "http://localhost:3000/u/zyf123/2016-8-17/%E5%A4%A7%E7%88%B1%E7%88%B1%E5%95%8A" "Mozilla/5.0 (Windows NT 10.0; WOW64) AppleWebKit/537.36 (KHTML, like Gecko) Chrome/52.0.2743.116 Safari/537.36"
::1 - - [Thu, 18 Aug 2016 09:40:29 GMT] "GET /KindEditor/kindeditor-min.js HTTP/1.1" 304 - "http://localhost:3000/u/zyf123/2016-8-17/%E5%A4%A7%E7%88%B1%E7%88%B1%E5%95%8A" "Mozilla/5.0 (Windows NT 10.0; WOW64) AppleWebKit/537.36 (KHTML, like Gecko) Chrome/52.0.2743.116 Safari/537.36"
::1 - - [Thu, 18 Aug 2016 09:40:29 GMT] "GET /KindEditor/lang/zh_CN.js HTTP/1.1" 304 - "http://localhost:3000/u/zyf123/2016-8-17/%E5%A4%A7%E7%88%B1%E7%88%B1%E5%95%8A" "Mozilla/5.0 (Windows NT 10.0; WOW64) AppleWebKit/537.36 (KHTML, like Gecko) Chrome/52.0.2743.116 Safari/537.36"
::1 - - [Thu, 18 Aug 2016 09:40:29 GMT] "GET /KindEditor/themes/default/default.css HTTP/1.1" 304 - "http://localhost:3000/u/zyf123/2016-8-17/%E5%A4%A7%E7%88%B1%E7%88%B1%E5%95%8A" "Mozilla/5.0 (Windows NT 10.0; WOW64) AppleWebKit/537.36 (KHTML, like Gecko) Chrome/52.0.2743.116 Safari/537.36"
::1 - - [Thu, 18 Aug 2016 09:40:45 GMT] "GET /u/zyf123/2016-8-17/%E5%A4%A7%E7%88%B1%E7%88%B1%E5%95%8A HTTP/1.1" 200 2987 "http://localhost:3000/archive" "Mozilla/5.0 (Windows NT 10.0; WOW64) AppleWebKit/537.36 (KHTML, like Gecko) Chrome/52.0.2743.116 Safari/537.36"
::1 - - [Thu, 18 Aug 2016 09:40:45 GMT] "GET /stylesheets/style.css HTTP/1.1" 304 - "http://localhost:3000/u/zyf123/2016-8-17/%E5%A4%A7%E7%88%B1%E7%88%B1%E5%95%8A" "Mozilla/5.0 (Windows NT 10.0; WOW64) AppleWebKit/537.36 (KHTML, like Gecko) Chrome/52.0.2743.116 Safari/537.36"
::1 - - [Thu, 18 Aug 2016 09:40:45 GMT] "GET /KindEditor/kindeditor-min.js HTTP/1.1" 304 - "http://localhost:3000/u/zyf123/2016-8-17/%E5%A4%A7%E7%88%B1%E7%88%B1%E5%95%8A" "Mozilla/5.0 (Windows NT 10.0; WOW64) AppleWebKit/537.36 (KHTML, like Gecko) Chrome/52.0.2743.116 Safari/537.36"
::1 - - [Thu, 18 Aug 2016 09:40:45 GMT] "GET /KindEditor/lang/zh_CN.js HTTP/1.1" 304 - "http://localhost:3000/u/zyf123/2016-8-17/%E5%A4%A7%E7%88%B1%E7%88%B1%E5%95%8A" "Mozilla/5.0 (Windows NT 10.0; WOW64) AppleWebKit/537.36 (KHTML, like Gecko) Chrome/52.0.2743.116 Safari/537.36"
::1 - - [Thu, 18 Aug 2016 09:40:45 GMT] "GET /KindEditor/themes/default/default.css HTTP/1.1" 304 - "http://localhost:3000/u/zyf123/2016-8-17/%E5%A4%A7%E7%88%B1%E7%88%B1%E5%95%8A" "Mozilla/5.0 (Windows NT 10.0; WOW64) AppleWebKit/537.36 (KHTML, like Gecko) Chrome/52.0.2743.116 Safari/537.36"
::1 - - [Thu, 18 Aug 2016 09:41:28 GMT] "GET /u/zyf123/2016-8-17/%E5%A4%A7%E7%88%B1%E7%88%B1%E5%95%8A HTTP/1.1" 200 2980 "http://localhost:3000/archive" "Mozilla/5.0 (Windows NT 10.0; WOW64) AppleWebKit/537.36 (KHTML, like Gecko) Chrome/52.0.2743.116 Safari/537.36"
::1 - - [Thu, 18 Aug 2016 09:41:28 GMT] "GET /stylesheets/style.css HTTP/1.1" 304 - "http://localhost:3000/u/zyf123/2016-8-17/%E5%A4%A7%E7%88%B1%E7%88%B1%E5%95%8A" "Mozilla/5.0 (Windows NT 10.0; WOW64) AppleWebKit/537.36 (KHTML, like Gecko) Chrome/52.0.2743.116 Safari/537.36"
::1 - - [Thu, 18 Aug 2016 09:41:28 GMT] "GET /KindEditor/kindeditor-min.js HTTP/1.1" 304 - "http://localhost:3000/u/zyf123/2016-8-17/%E5%A4%A7%E7%88%B1%E7%88%B1%E5%95%8A" "Mozilla/5.0 (Windows NT 10.0; WOW64) AppleWebKit/537.36 (KHTML, like Gecko) Chrome/52.0.2743.116 Safari/537.36"
::1 - - [Thu, 18 Aug 2016 09:41:28 GMT] "GET /KindEditor/lang/zh_CN.js HTTP/1.1" 304 - "http://localhost:3000/u/zyf123/2016-8-17/%E5%A4%A7%E7%88%B1%E7%88%B1%E5%95%8A" "Mozilla/5.0 (Windows NT 10.0; WOW64) AppleWebKit/537.36 (KHTML, like Gecko) Chrome/52.0.2743.116 Safari/537.36"
::1 - - [Thu, 18 Aug 2016 09:41:28 GMT] "GET /KindEditor/themes/default/default.css HTTP/1.1" 304 - "http://localhost:3000/u/zyf123/2016-8-17/%E5%A4%A7%E7%88%B1%E7%88%B1%E5%95%8A" "Mozilla/5.0 (Windows NT 10.0; WOW64) AppleWebKit/537.36 (KHTML, like Gecko) Chrome/52.0.2743.116 Safari/537.36"
::1 - - [Thu, 18 Aug 2016 09:42:21 GMT] "GET /u/zyf123/2016-8-17/%E5%A4%A7%E7%88%B1%E7%88%B1%E5%95%8A HTTP/1.1" 200 2980 "http://localhost:3000/archive" "Mozilla/5.0 (Windows NT 10.0; WOW64) AppleWebKit/537.36 (KHTML, like Gecko) Chrome/52.0.2743.116 Safari/537.36"
::1 - - [Thu, 18 Aug 2016 09:42:21 GMT] "GET /stylesheets/style.css HTTP/1.1" 304 - "http://localhost:3000/u/zyf123/2016-8-17/%E5%A4%A7%E7%88%B1%E7%88%B1%E5%95%8A" "Mozilla/5.0 (Windows NT 10.0; WOW64) AppleWebKit/537.36 (KHTML, like Gecko) Chrome/52.0.2743.116 Safari/537.36"
::1 - - [Thu, 18 Aug 2016 09:42:21 GMT] "GET /KindEditor/kindeditor-min.js HTTP/1.1" 304 - "http://localhost:3000/u/zyf123/2016-8-17/%E5%A4%A7%E7%88%B1%E7%88%B1%E5%95%8A" "Mozilla/5.0 (Windows NT 10.0; WOW64) AppleWebKit/537.36 (KHTML, like Gecko) Chrome/52.0.2743.116 Safari/537.36"
::1 - - [Thu, 18 Aug 2016 09:42:21 GMT] "GET /KindEditor/lang/zh_CN.js HTTP/1.1" 304 - "http://localhost:3000/u/zyf123/2016-8-17/%E5%A4%A7%E7%88%B1%E7%88%B1%E5%95%8A" "Mozilla/5.0 (Windows NT 10.0; WOW64) AppleWebKit/537.36 (KHTML, like Gecko) Chrome/52.0.2743.116 Safari/537.36"
::1 - - [Thu, 18 Aug 2016 09:42:21 GMT] "GET /KindEditor/themes/default/default.css HTTP/1.1" 304 - "http://localhost:3000/u/zyf123/2016-8-17/%E5%A4%A7%E7%88%B1%E7%88%B1%E5%95%8A" "Mozilla/5.0 (Windows NT 10.0; WOW64) AppleWebKit/537.36 (KHTML, like Gecko) Chrome/52.0.2743.116 Safari/537.36"
::1 - - [Thu, 18 Aug 2016 09:43:19 GMT] "GET /u/zyf123/2016-8-17/%E5%A4%A7%E7%88%B1%E7%88%B1%E5%95%8A HTTP/1.1" 200 2982 "http://localhost:3000/archive" "Mozilla/5.0 (Windows NT 10.0; WOW64) AppleWebKit/537.36 (KHTML, like Gecko) Chrome/52.0.2743.116 Safari/537.36"
::1 - - [Thu, 18 Aug 2016 09:43:19 GMT] "GET /stylesheets/style.css HTTP/1.1" 304 - "http://localhost:3000/u/zyf123/2016-8-17/%E5%A4%A7%E7%88%B1%E7%88%B1%E5%95%8A" "Mozilla/5.0 (Windows NT 10.0; WOW64) AppleWebKit/537.36 (KHTML, like Gecko) Chrome/52.0.2743.116 Safari/537.36"
::1 - - [Thu, 18 Aug 2016 09:43:19 GMT] "GET /KindEditor/kindeditor-min.js HTTP/1.1" 304 - "http://localhost:3000/u/zyf123/2016-8-17/%E5%A4%A7%E7%88%B1%E7%88%B1%E5%95%8A" "Mozilla/5.0 (Windows NT 10.0; WOW64) AppleWebKit/537.36 (KHTML, like Gecko) Chrome/52.0.2743.116 Safari/537.36"
::1 - - [Thu, 18 Aug 2016 09:43:19 GMT] "GET /KindEditor/lang/zh_CN.js HTTP/1.1" 304 - "http://localhost:3000/u/zyf123/2016-8-17/%E5%A4%A7%E7%88%B1%E7%88%B1%E5%95%8A" "Mozilla/5.0 (Windows NT 10.0; WOW64) AppleWebKit/537.36 (KHTML, like Gecko) Chrome/52.0.2743.116 Safari/537.36"
::1 - - [Thu, 18 Aug 2016 09:43:19 GMT] "GET /KindEditor/themes/default/default.css HTTP/1.1" 304 - "http://localhost:3000/u/zyf123/2016-8-17/%E5%A4%A7%E7%88%B1%E7%88%B1%E5%95%8A" "Mozilla/5.0 (Windows NT 10.0; WOW64) AppleWebKit/537.36 (KHTML, like Gecko) Chrome/52.0.2743.116 Safari/537.36"
::1 - - [Thu, 18 Aug 2016 09:44:30 GMT] "GET / HTTP/1.1" 200 3576 "http://localhost:3000/u/zyf123/2016-8-17/%E5%A4%A7%E7%88%B1%E7%88%B1%E5%95%8A" "Mozilla/5.0 (Windows NT 10.0; WOW64) AppleWebKit/537.36 (KHTML, like Gecko) Chrome/52.0.2743.116 Safari/537.36"
::1 - - [Thu, 18 Aug 2016 09:44:30 GMT] "GET /stylesheets/style.css HTTP/1.1" 304 - "http://localhost:3000/" "Mozilla/5.0 (Windows NT 10.0; WOW64) AppleWebKit/537.36 (KHTML, like Gecko) Chrome/52.0.2743.116 Safari/537.36"
::1 - - [Thu, 18 Aug 2016 09:44:30 GMT] "GET /KindEditor/kindeditor-min.js HTTP/1.1" 304 - "http://localhost:3000/" "Mozilla/5.0 (Windows NT 10.0; WOW64) AppleWebKit/537.36 (KHTML, like Gecko) Chrome/52.0.2743.116 Safari/537.36"
::1 - - [Thu, 18 Aug 2016 09:44:30 GMT] "GET /KindEditor/lang/zh_CN.js HTTP/1.1" 304 - "http://localhost:3000/" "Mozilla/5.0 (Windows NT 10.0; WOW64) AppleWebKit/537.36 (KHTML, like Gecko) Chrome/52.0.2743.116 Safari/537.36"
::1 - - [Thu, 18 Aug 2016 09:44:30 GMT] "GET /KindEditor/themes/default/default.css HTTP/1.1" 304 - "http://localhost:3000/" "Mozilla/5.0 (Windows NT 10.0; WOW64) AppleWebKit/537.36 (KHTML, like Gecko) Chrome/52.0.2743.116 Safari/537.36"
::1 - - [Thu, 18 Aug 2016 09:49:41 GMT] "GET / HTTP/1.1" 304 - "http://localhost:3000/u/zyf123/2016-8-17/%E5%A4%A7%E7%88%B1%E7%88%B1%E5%95%8A" "Mozilla/5.0 (Windows NT 10.0; WOW64) AppleWebKit/537.36 (KHTML, like Gecko) Chrome/52.0.2743.116 Safari/537.36"
::1 - - [Thu, 18 Aug 2016 09:49:41 GMT] "GET /stylesheets/style.css HTTP/1.1" 304 - "http://localhost:3000/" "Mozilla/5.0 (Windows NT 10.0; WOW64) AppleWebKit/537.36 (KHTML, like Gecko) Chrome/52.0.2743.116 Safari/537.36"
::1 - - [Thu, 18 Aug 2016 09:49:41 GMT] "GET /KindEditor/kindeditor-min.js HTTP/1.1" 304 - "http://localhost:3000/" "Mozilla/5.0 (Windows NT 10.0; WOW64) AppleWebKit/537.36 (KHTML, like Gecko) Chrome/52.0.2743.116 Safari/537.36"
::1 - - [Thu, 18 Aug 2016 09:49:41 GMT] "GET /KindEditor/lang/zh_CN.js HTTP/1.1" 304 - "http://localhost:3000/" "Mozilla/5.0 (Windows NT 10.0; WOW64) AppleWebKit/537.36 (KHTML, like Gecko) Chrome/52.0.2743.116 Safari/537.36"
::1 - - [Thu, 18 Aug 2016 09:49:41 GMT] "GET /KindEditor/themes/default/default.css HTTP/1.1" 304 - "http://localhost:3000/" "Mozilla/5.0 (Windows NT 10.0; WOW64) AppleWebKit/537.36 (KHTML, like Gecko) Chrome/52.0.2743.116 Safari/537.36"
::1 - - [Thu, 18 Aug 2016 09:49:51 GMT] "GET /u/zyf123/2016-8-18/qwe HTTP/1.1" 200 2891 "http://localhost:3000/" "Mozilla/5.0 (Windows NT 10.0; WOW64) AppleWebKit/537.36 (KHTML, like Gecko) Chrome/52.0.2743.116 Safari/537.36"
::1 - - [Thu, 18 Aug 2016 09:49:51 GMT] "GET /stylesheets/style.css HTTP/1.1" 304 - "http://localhost:3000/u/zyf123/2016-8-18/qwe" "Mozilla/5.0 (Windows NT 10.0; WOW64) AppleWebKit/537.36 (KHTML, like Gecko) Chrome/52.0.2743.116 Safari/537.36"
::1 - - [Thu, 18 Aug 2016 09:49:51 GMT] "GET /KindEditor/kindeditor-min.js HTTP/1.1" 304 - "http://localhost:3000/u/zyf123/2016-8-18/qwe" "Mozilla/5.0 (Windows NT 10.0; WOW64) AppleWebKit/537.36 (KHTML, like Gecko) Chrome/52.0.2743.116 Safari/537.36"
::1 - - [Thu, 18 Aug 2016 09:49:51 GMT] "GET /KindEditor/lang/zh_CN.js HTTP/1.1" 304 - "http://localhost:3000/u/zyf123/2016-8-18/qwe" "Mozilla/5.0 (Windows NT 10.0; WOW64) AppleWebKit/537.36 (KHTML, like Gecko) Chrome/52.0.2743.116 Safari/537.36"
::1 - - [Thu, 18 Aug 2016 09:49:51 GMT] "GET /KindEditor/themes/default/default.css HTTP/1.1" 304 - "http://localhost:3000/u/zyf123/2016-8-18/qwe" "Mozilla/5.0 (Windows NT 10.0; WOW64) AppleWebKit/537.36 (KHTML, like Gecko) Chrome/52.0.2743.116 Safari/537.36"
::1 - - [Thu, 18 Aug 2016 09:50:24 GMT] "GET /u/zyf123/2016-8-18/qwe HTTP/1.1" 200 2891 "http://localhost:3000/" "Mozilla/5.0 (Windows NT 10.0; WOW64) AppleWebKit/537.36 (KHTML, like Gecko) Chrome/52.0.2743.116 Safari/537.36"
::1 - - [Thu, 18 Aug 2016 09:50:24 GMT] "GET /stylesheets/style.css HTTP/1.1" 304 - "http://localhost:3000/u/zyf123/2016-8-18/qwe" "Mozilla/5.0 (Windows NT 10.0; WOW64) AppleWebKit/537.36 (KHTML, like Gecko) Chrome/52.0.2743.116 Safari/537.36"
::1 - - [Thu, 18 Aug 2016 09:50:24 GMT] "GET /KindEditor/kindeditor-min.js HTTP/1.1" 304 - "http://localhost:3000/u/zyf123/2016-8-18/qwe" "Mozilla/5.0 (Windows NT 10.0; WOW64) AppleWebKit/537.36 (KHTML, like Gecko) Chrome/52.0.2743.116 Safari/537.36"
::1 - - [Thu, 18 Aug 2016 09:50:24 GMT] "GET /KindEditor/lang/zh_CN.js HTTP/1.1" 304 - "http://localhost:3000/u/zyf123/2016-8-18/qwe" "Mozilla/5.0 (Windows NT 10.0; WOW64) AppleWebKit/537.36 (KHTML, like Gecko) Chrome/52.0.2743.116 Safari/537.36"
::1 - - [Thu, 18 Aug 2016 09:50:24 GMT] "GET /KindEditor/themes/default/default.css HTTP/1.1" 304 - "http://localhost:3000/u/zyf123/2016-8-18/qwe" "Mozilla/5.0 (Windows NT 10.0; WOW64) AppleWebKit/537.36 (KHTML, like Gecko) Chrome/52.0.2743.116 Safari/537.36"
::1 - - [Thu, 18 Aug 2016 09:53:33 GMT] "GET /u/zyf123/2016-8-18/qwe HTTP/1.1" 200 2891 "http://localhost:3000/" "Mozilla/5.0 (Windows NT 10.0; WOW64) AppleWebKit/537.36 (KHTML, like Gecko) Chrome/52.0.2743.116 Safari/537.36"
::1 - - [Thu, 18 Aug 2016 09:53:33 GMT] "GET /stylesheets/style.css HTTP/1.1" 304 - "http://localhost:3000/u/zyf123/2016-8-18/qwe" "Mozilla/5.0 (Windows NT 10.0; WOW64) AppleWebKit/537.36 (KHTML, like Gecko) Chrome/52.0.2743.116 Safari/537.36"
::1 - - [Thu, 18 Aug 2016 09:53:33 GMT] "GET /KindEditor/kindeditor-min.js HTTP/1.1" 304 - "http://localhost:3000/u/zyf123/2016-8-18/qwe" "Mozilla/5.0 (Windows NT 10.0; WOW64) AppleWebKit/537.36 (KHTML, like Gecko) Chrome/52.0.2743.116 Safari/537.36"
::1 - - [Thu, 18 Aug 2016 09:53:33 GMT] "GET /KindEditor/lang/zh_CN.js HTTP/1.1" 304 - "http://localhost:3000/u/zyf123/2016-8-18/qwe" "Mozilla/5.0 (Windows NT 10.0; WOW64) AppleWebKit/537.36 (KHTML, like Gecko) Chrome/52.0.2743.116 Safari/537.36"
::1 - - [Thu, 18 Aug 2016 09:53:33 GMT] "GET /KindEditor/themes/default/default.css HTTP/1.1" 304 - "http://localhost:3000/u/zyf123/2016-8-18/qwe" "Mozilla/5.0 (Windows NT 10.0; WOW64) AppleWebKit/537.36 (KHTML, like Gecko) Chrome/52.0.2743.116 Safari/537.36"
::1 - - [Thu, 18 Aug 2016 09:53:35 GMT] "GET /post HTTP/1.1" 304 - "http://localhost:3000/u/zyf123/2016-8-18/qwe" "Mozilla/5.0 (Windows NT 10.0; WOW64) AppleWebKit/537.36 (KHTML, like Gecko) Chrome/52.0.2743.116 Safari/537.36"
::1 - - [Thu, 18 Aug 2016 09:53:36 GMT] "GET /stylesheets/style.css HTTP/1.1" 304 - "http://localhost:3000/post" "Mozilla/5.0 (Windows NT 10.0; WOW64) AppleWebKit/537.36 (KHTML, like Gecko) Chrome/52.0.2743.116 Safari/537.36"
::1 - - [Thu, 18 Aug 2016 09:53:36 GMT] "GET /KindEditor/kindeditor-min.js HTTP/1.1" 304 - "http://localhost:3000/post" "Mozilla/5.0 (Windows NT 10.0; WOW64) AppleWebKit/537.36 (KHTML, like Gecko) Chrome/52.0.2743.116 Safari/537.36"
::1 - - [Thu, 18 Aug 2016 09:53:36 GMT] "GET /KindEditor/lang/zh_CN.js HTTP/1.1" 304 - "http://localhost:3000/post" "Mozilla/5.0 (Windows NT 10.0; WOW64) AppleWebKit/537.36 (KHTML, like Gecko) Chrome/52.0.2743.116 Safari/537.36"
::1 - - [Thu, 18 Aug 2016 09:53:36 GMT] "GET /KindEditor/themes/default/default.css HTTP/1.1" 304 - "http://localhost:3000/post" "Mozilla/5.0 (Windows NT 10.0; WOW64) AppleWebKit/537.36 (KHTML, like Gecko) Chrome/52.0.2743.116 Safari/537.36"
::1 - - [Thu, 18 Aug 2016 09:53:48 GMT] "GET /post HTTP/1.1" 304 - "http://localhost:3000/u/zyf123/2016-8-18/qwe" "Mozilla/5.0 (Windows NT 10.0; WOW64) AppleWebKit/537.36 (KHTML, like Gecko) Chrome/52.0.2743.116 Safari/537.36"
::1 - - [Thu, 18 Aug 2016 09:53:48 GMT] "GET /stylesheets/style.css HTTP/1.1" 304 - "http://localhost:3000/post" "Mozilla/5.0 (Windows NT 10.0; WOW64) AppleWebKit/537.36 (KHTML, like Gecko) Chrome/52.0.2743.116 Safari/537.36"
::1 - - [Thu, 18 Aug 2016 09:53:48 GMT] "GET /KindEditor/kindeditor-min.js HTTP/1.1" 304 - "http://localhost:3000/post" "Mozilla/5.0 (Windows NT 10.0; WOW64) AppleWebKit/537.36 (KHTML, like Gecko) Chrome/52.0.2743.116 Safari/537.36"
::1 - - [Thu, 18 Aug 2016 09:53:48 GMT] "GET /KindEditor/lang/zh_CN.js HTTP/1.1" 304 - "http://localhost:3000/post" "Mozilla/5.0 (Windows NT 10.0; WOW64) AppleWebKit/537.36 (KHTML, like Gecko) Chrome/52.0.2743.116 Safari/537.36"
::1 - - [Thu, 18 Aug 2016 09:53:49 GMT] "GET /KindEditor/themes/default/default.css HTTP/1.1" 304 - "http://localhost:3000/post" "Mozilla/5.0 (Windows NT 10.0; WOW64) AppleWebKit/537.36 (KHTML, like Gecko) Chrome/52.0.2743.116 Safari/537.36"
::1 - - [Thu, 18 Aug 2016 09:53:49 GMT] "GET /post HTTP/1.1" 304 - "http://localhost:3000/post" "Mozilla/5.0 (Windows NT 10.0; WOW64) AppleWebKit/537.36 (KHTML, like Gecko) Chrome/52.0.2743.116 Safari/537.36"
::1 - - [Thu, 18 Aug 2016 09:53:49 GMT] "GET /stylesheets/style.css HTTP/1.1" 304 - "http://localhost:3000/post" "Mozilla/5.0 (Windows NT 10.0; WOW64) AppleWebKit/537.36 (KHTML, like Gecko) Chrome/52.0.2743.116 Safari/537.36"
::1 - - [Thu, 18 Aug 2016 09:53:49 GMT] "GET /KindEditor/kindeditor-min.js HTTP/1.1" 304 - "http://localhost:3000/post" "Mozilla/5.0 (Windows NT 10.0; WOW64) AppleWebKit/537.36 (KHTML, like Gecko) Chrome/52.0.2743.116 Safari/537.36"
::1 - - [Thu, 18 Aug 2016 09:53:49 GMT] "GET /KindEditor/lang/zh_CN.js HTTP/1.1" 304 - "http://localhost:3000/post" "Mozilla/5.0 (Windows NT 10.0; WOW64) AppleWebKit/537.36 (KHTML, like Gecko) Chrome/52.0.2743.116 Safari/537.36"
::1 - - [Thu, 18 Aug 2016 09:53:49 GMT] "GET /KindEditor/themes/default/default.css HTTP/1.1" 304 - "http://localhost:3000/post" "Mozilla/5.0 (Windows NT 10.0; WOW64) AppleWebKit/537.36 (KHTML, like Gecko) Chrome/52.0.2743.116 Safari/537.36"
::1 - - [Thu, 18 Aug 2016 09:53:50 GMT] "GET /upload HTTP/1.1" 304 - "http://localhost:3000/post" "Mozilla/5.0 (Windows NT 10.0; WOW64) AppleWebKit/537.36 (KHTML, like Gecko) Chrome/52.0.2743.116 Safari/537.36"
::1 - - [Thu, 18 Aug 2016 09:53:50 GMT] "GET /stylesheets/style.css HTTP/1.1" 304 - "http://localhost:3000/upload" "Mozilla/5.0 (Windows NT 10.0; WOW64) AppleWebKit/537.36 (KHTML, like Gecko) Chrome/52.0.2743.116 Safari/537.36"
::1 - - [Thu, 18 Aug 2016 09:53:50 GMT] "GET /KindEditor/kindeditor-min.js HTTP/1.1" 304 - "http://localhost:3000/upload" "Mozilla/5.0 (Windows NT 10.0; WOW64) AppleWebKit/537.36 (KHTML, like Gecko) Chrome/52.0.2743.116 Safari/537.36"
::1 - - [Thu, 18 Aug 2016 09:53:50 GMT] "GET /KindEditor/lang/zh_CN.js HTTP/1.1" 304 - "http://localhost:3000/upload" "Mozilla/5.0 (Windows NT 10.0; WOW64) AppleWebKit/537.36 (KHTML, like Gecko) Chrome/52.0.2743.116 Safari/537.36"
::1 - - [Thu, 18 Aug 2016 09:53:50 GMT] "GET /KindEditor/themes/default/default.css HTTP/1.1" 304 - "http://localhost:3000/upload" "Mozilla/5.0 (Windows NT 10.0; WOW64) AppleWebKit/537.36 (KHTML, like Gecko) Chrome/52.0.2743.116 Safari/537.36"
::1 - - [Thu, 18 Aug 2016 09:53:54 GMT] "GET /tags HTTP/1.1" 304 - "http://localhost:3000/upload" "Mozilla/5.0 (Windows NT 10.0; WOW64) AppleWebKit/537.36 (KHTML, like Gecko) Chrome/52.0.2743.116 Safari/537.36"
::1 - - [Thu, 18 Aug 2016 09:53:54 GMT] "GET /stylesheets/style.css HTTP/1.1" 304 - "http://localhost:3000/tags" "Mozilla/5.0 (Windows NT 10.0; WOW64) AppleWebKit/537.36 (KHTML, like Gecko) Chrome/52.0.2743.116 Safari/537.36"
::1 - - [Thu, 18 Aug 2016 09:53:54 GMT] "GET /KindEditor/lang/zh_CN.js HTTP/1.1" 304 - "http://localhost:3000/tags" "Mozilla/5.0 (Windows NT 10.0; WOW64) AppleWebKit/537.36 (KHTML, like Gecko) Chrome/52.0.2743.116 Safari/537.36"
::1 - - [Thu, 18 Aug 2016 09:53:54 GMT] "GET /KindEditor/kindeditor-min.js HTTP/1.1" 304 - "http://localhost:3000/tags" "Mozilla/5.0 (Windows NT 10.0; WOW64) AppleWebKit/537.36 (KHTML, like Gecko) Chrome/52.0.2743.116 Safari/537.36"
::1 - - [Thu, 18 Aug 2016 09:53:54 GMT] "GET /KindEditor/themes/default/default.css HTTP/1.1" 304 - "http://localhost:3000/tags" "Mozilla/5.0 (Windows NT 10.0; WOW64) AppleWebKit/537.36 (KHTML, like Gecko) Chrome/52.0.2743.116 Safari/537.36"
::1 - - [Thu, 18 Aug 2016 09:54:09 GMT] "GET /upload HTTP/1.1" 304 - "http://localhost:3000/tags" "Mozilla/5.0 (Windows NT 10.0; WOW64) AppleWebKit/537.36 (KHTML, like Gecko) Chrome/52.0.2743.116 Safari/537.36"
::1 - - [Thu, 18 Aug 2016 09:54:09 GMT] "GET /stylesheets/style.css HTTP/1.1" 304 - "http://localhost:3000/upload" "Mozilla/5.0 (Windows NT 10.0; WOW64) AppleWebKit/537.36 (KHTML, like Gecko) Chrome/52.0.2743.116 Safari/537.36"
::1 - - [Thu, 18 Aug 2016 09:54:09 GMT] "GET /KindEditor/kindeditor-min.js HTTP/1.1" 304 - "http://localhost:3000/upload" "Mozilla/5.0 (Windows NT 10.0; WOW64) AppleWebKit/537.36 (KHTML, like Gecko) Chrome/52.0.2743.116 Safari/537.36"
::1 - - [Thu, 18 Aug 2016 09:54:09 GMT] "GET /KindEditor/lang/zh_CN.js HTTP/1.1" 304 - "http://localhost:3000/upload" "Mozilla/5.0 (Windows NT 10.0; WOW64) AppleWebKit/537.36 (KHTML, like Gecko) Chrome/52.0.2743.116 Safari/537.36"
::1 - - [Thu, 18 Aug 2016 09:54:09 GMT] "GET /KindEditor/themes/default/default.css HTTP/1.1" 304 - "http://localhost:3000/upload" "Mozilla/5.0 (Windows NT 10.0; WOW64) AppleWebKit/537.36 (KHTML, like Gecko) Chrome/52.0.2743.116 Safari/537.36"
::1 - - [Thu, 18 Aug 2016 09:54:10 GMT] "GET /links HTTP/1.1" 304 - "http://localhost:3000/upload" "Mozilla/5.0 (Windows NT 10.0; WOW64) AppleWebKit/537.36 (KHTML, like Gecko) Chrome/52.0.2743.116 Safari/537.36"
::1 - - [Thu, 18 Aug 2016 09:54:10 GMT] "GET /stylesheets/style.css HTTP/1.1" 304 - "http://localhost:3000/links" "Mozilla/5.0 (Windows NT 10.0; WOW64) AppleWebKit/537.36 (KHTML, like Gecko) Chrome/52.0.2743.116 Safari/537.36"
::1 - - [Thu, 18 Aug 2016 09:54:10 GMT] "GET /KindEditor/kindeditor-min.js HTTP/1.1" 304 - "http://localhost:3000/links" "Mozilla/5.0 (Windows NT 10.0; WOW64) AppleWebKit/537.36 (KHTML, like Gecko) Chrome/52.0.2743.116 Safari/537.36"
::1 - - [Thu, 18 Aug 2016 09:54:10 GMT] "GET /KindEditor/lang/zh_CN.js HTTP/1.1" 304 - "http://localhost:3000/links" "Mozilla/5.0 (Windows NT 10.0; WOW64) AppleWebKit/537.36 (KHTML, like Gecko) Chrome/52.0.2743.116 Safari/537.36"
::1 - - [Thu, 18 Aug 2016 09:54:10 GMT] "GET /KindEditor/themes/default/default.css HTTP/1.1" 304 - "http://localhost:3000/links" "Mozilla/5.0 (Windows NT 10.0; WOW64) AppleWebKit/537.36 (KHTML, like Gecko) Chrome/52.0.2743.116 Safari/537.36"
::1 - - [Thu, 18 Aug 2016 09:54:11 GMT] "GET /tags HTTP/1.1" 304 - "http://localhost:3000/links" "Mozilla/5.0 (Windows NT 10.0; WOW64) AppleWebKit/537.36 (KHTML, like Gecko) Chrome/52.0.2743.116 Safari/537.36"
::1 - - [Thu, 18 Aug 2016 09:54:11 GMT] "GET /stylesheets/style.css HTTP/1.1" 304 - "http://localhost:3000/tags" "Mozilla/5.0 (Windows NT 10.0; WOW64) AppleWebKit/537.36 (KHTML, like Gecko) Chrome/52.0.2743.116 Safari/537.36"
::1 - - [Thu, 18 Aug 2016 09:54:11 GMT] "GET /KindEditor/kindeditor-min.js HTTP/1.1" 304 - "http://localhost:3000/tags" "Mozilla/5.0 (Windows NT 10.0; WOW64) AppleWebKit/537.36 (KHTML, like Gecko) Chrome/52.0.2743.116 Safari/537.36"
::1 - - [Thu, 18 Aug 2016 09:54:11 GMT] "GET /KindEditor/lang/zh_CN.js HTTP/1.1" 304 - "http://localhost:3000/tags" "Mozilla/5.0 (Windows NT 10.0; WOW64) AppleWebKit/537.36 (KHTML, like Gecko) Chrome/52.0.2743.116 Safari/537.36"
::1 - - [Thu, 18 Aug 2016 09:54:11 GMT] "GET /KindEditor/themes/default/default.css HTTP/1.1" 304 - "http://localhost:3000/tags" "Mozilla/5.0 (Windows NT 10.0; WOW64) AppleWebKit/537.36 (KHTML, like Gecko) Chrome/52.0.2743.116 Safari/537.36"
::1 - - [Thu, 18 Aug 2016 09:54:12 GMT] "GET /archive HTTP/1.1" 304 - "http://localhost:3000/tags" "Mozilla/5.0 (Windows NT 10.0; WOW64) AppleWebKit/537.36 (KHTML, like Gecko) Chrome/52.0.2743.116 Safari/537.36"
::1 - - [Thu, 18 Aug 2016 09:54:12 GMT] "GET /stylesheets/style.css HTTP/1.1" 304 - "http://localhost:3000/archive" "Mozilla/5.0 (Windows NT 10.0; WOW64) AppleWebKit/537.36 (KHTML, like Gecko) Chrome/52.0.2743.116 Safari/537.36"
::1 - - [Thu, 18 Aug 2016 09:54:12 GMT] "GET /KindEditor/kindeditor-min.js HTTP/1.1" 304 - "http://localhost:3000/archive" "Mozilla/5.0 (Windows NT 10.0; WOW64) AppleWebKit/537.36 (KHTML, like Gecko) Chrome/52.0.2743.116 Safari/537.36"
::1 - - [Thu, 18 Aug 2016 09:54:12 GMT] "GET /KindEditor/lang/zh_CN.js HTTP/1.1" 304 - "http://localhost:3000/archive" "Mozilla/5.0 (Windows NT 10.0; WOW64) AppleWebKit/537.36 (KHTML, like Gecko) Chrome/52.0.2743.116 Safari/537.36"
::1 - - [Thu, 18 Aug 2016 09:54:12 GMT] "GET /KindEditor/themes/default/default.css HTTP/1.1" 304 - "http://localhost:3000/archive" "Mozilla/5.0 (Windows NT 10.0; WOW64) AppleWebKit/537.36 (KHTML, like Gecko) Chrome/52.0.2743.116 Safari/537.36"
::1 - - [Thu, 18 Aug 2016 09:54:13 GMT] "GET /u/zyf123/2016-8-17/%E5%A4%A7%E7%88%B1%E7%88%B1%E5%95%8A HTTP/1.1" 200 3066 "http://localhost:3000/archive" "Mozilla/5.0 (Windows NT 10.0; WOW64) AppleWebKit/537.36 (KHTML, like Gecko) Chrome/52.0.2743.116 Safari/537.36"
::1 - - [Thu, 18 Aug 2016 09:54:13 GMT] "GET /stylesheets/style.css HTTP/1.1" 304 - "http://localhost:3000/u/zyf123/2016-8-17/%E5%A4%A7%E7%88%B1%E7%88%B1%E5%95%8A" "Mozilla/5.0 (Windows NT 10.0; WOW64) AppleWebKit/537.36 (KHTML, like Gecko) Chrome/52.0.2743.116 Safari/537.36"
::1 - - [Thu, 18 Aug 2016 09:54:13 GMT] "GET /KindEditor/kindeditor-min.js HTTP/1.1" 304 - "http://localhost:3000/u/zyf123/2016-8-17/%E5%A4%A7%E7%88%B1%E7%88%B1%E5%95%8A" "Mozilla/5.0 (Windows NT 10.0; WOW64) AppleWebKit/537.36 (KHTML, like Gecko) Chrome/52.0.2743.116 Safari/537.36"
::1 - - [Thu, 18 Aug 2016 09:54:13 GMT] "GET /KindEditor/lang/zh_CN.js HTTP/1.1" 304 - "http://localhost:3000/u/zyf123/2016-8-17/%E5%A4%A7%E7%88%B1%E7%88%B1%E5%95%8A" "Mozilla/5.0 (Windows NT 10.0; WOW64) AppleWebKit/537.36 (KHTML, like Gecko) Chrome/52.0.2743.116 Safari/537.36"
::1 - - [Thu, 18 Aug 2016 09:54:13 GMT] "GET /KindEditor/themes/default/default.css HTTP/1.1" 304 - "http://localhost:3000/u/zyf123/2016-8-17/%E5%A4%A7%E7%88%B1%E7%88%B1%E5%95%8A" "Mozilla/5.0 (Windows NT 10.0; WOW64) AppleWebKit/537.36 (KHTML, like Gecko) Chrome/52.0.2743.116 Safari/537.36"
::1 - - [Thu, 18 Aug 2016 09:54:48 GMT] "GET /u/zyf123/2016-8-17/%E5%A4%A7%E7%88%B1%E7%88%B1%E5%95%8A HTTP/1.1" 200 2918 "http://localhost:3000/archive" "Mozilla/5.0 (Windows NT 10.0; WOW64) AppleWebKit/537.36 (KHTML, like Gecko) Chrome/52.0.2743.116 Safari/537.36"
::1 - - [Thu, 18 Aug 2016 09:54:48 GMT] "GET /stylesheets/style.css HTTP/1.1" 304 - "http://localhost:3000/u/zyf123/2016-8-17/%E5%A4%A7%E7%88%B1%E7%88%B1%E5%95%8A" "Mozilla/5.0 (Windows NT 10.0; WOW64) AppleWebKit/537.36 (KHTML, like Gecko) Chrome/52.0.2743.116 Safari/537.36"
::1 - - [Thu, 18 Aug 2016 09:54:48 GMT] "GET /KindEditor/lang/zh_CN.js HTTP/1.1" 304 - "http://localhost:3000/u/zyf123/2016-8-17/%E5%A4%A7%E7%88%B1%E7%88%B1%E5%95%8A" "Mozilla/5.0 (Windows NT 10.0; WOW64) AppleWebKit/537.36 (KHTML, like Gecko) Chrome/52.0.2743.116 Safari/537.36"
::1 - - [Thu, 18 Aug 2016 09:54:48 GMT] "GET /KindEditor/kindeditor-min.js HTTP/1.1" 304 - "http://localhost:3000/u/zyf123/2016-8-17/%E5%A4%A7%E7%88%B1%E7%88%B1%E5%95%8A" "Mozilla/5.0 (Windows NT 10.0; WOW64) AppleWebKit/537.36 (KHTML, like Gecko) Chrome/52.0.2743.116 Safari/537.36"
::1 - - [Thu, 18 Aug 2016 09:54:48 GMT] "GET /KindEditor/themes/default/default.css HTTP/1.1" 304 - "http://localhost:3000/u/zyf123/2016-8-17/%E5%A4%A7%E7%88%B1%E7%88%B1%E5%95%8A" "Mozilla/5.0 (Windows NT 10.0; WOW64) AppleWebKit/537.36 (KHTML, like Gecko) Chrome/52.0.2743.116 Safari/537.36"
::1 - - [Thu, 18 Aug 2016 09:54:54 GMT] "POST /u/zyf123/2016-8-17/%E5%A4%A7%E7%88%B1%E7%88%B1%E5%95%8A HTTP/1.1" 302 198 "http://localhost:3000/u/zyf123/2016-8-17/%E5%A4%A7%E7%88%B1%E7%88%B1%E5%95%8A" "Mozilla/5.0 (Windows NT 10.0; WOW64) AppleWebKit/537.36 (KHTML, like Gecko) Chrome/52.0.2743.116 Safari/537.36"
::1 - - [Thu, 18 Aug 2016 09:54:54 GMT] "GET /u/zyf123/2016-8-17/%E5%A4%A7%E7%88%B1%E7%88%B1%E5%95%8A HTTP/1.1" 200 3197 "http://localhost:3000/u/zyf123/2016-8-17/%E5%A4%A7%E7%88%B1%E7%88%B1%E5%95%8A" "Mozilla/5.0 (Windows NT 10.0; WOW64) AppleWebKit/537.36 (KHTML, like Gecko) Chrome/52.0.2743.116 Safari/537.36"
::1 - - [Thu, 18 Aug 2016 09:54:54 GMT] "GET /stylesheets/style.css HTTP/1.1" 304 - "http://localhost:3000/u/zyf123/2016-8-17/%E5%A4%A7%E7%88%B1%E7%88%B1%E5%95%8A" "Mozilla/5.0 (Windows NT 10.0; WOW64) AppleWebKit/537.36 (KHTML, like Gecko) Chrome/52.0.2743.116 Safari/537.36"
::1 - - [Thu, 18 Aug 2016 09:54:54 GMT] "GET /KindEditor/kindeditor-min.js HTTP/1.1" 304 - "http://localhost:3000/u/zyf123/2016-8-17/%E5%A4%A7%E7%88%B1%E7%88%B1%E5%95%8A" "Mozilla/5.0 (Windows NT 10.0; WOW64) AppleWebKit/537.36 (KHTML, like Gecko) Chrome/52.0.2743.116 Safari/537.36"
::1 - - [Thu, 18 Aug 2016 09:54:54 GMT] "GET /KindEditor/lang/zh_CN.js HTTP/1.1" 304 - "http://localhost:3000/u/zyf123/2016-8-17/%E5%A4%A7%E7%88%B1%E7%88%B1%E5%95%8A" "Mozilla/5.0 (Windows NT 10.0; WOW64) AppleWebKit/537.36 (KHTML, like Gecko) Chrome/52.0.2743.116 Safari/537.36"
::1 - - [Thu, 18 Aug 2016 09:54:54 GMT] "GET /KindEditor/themes/default/default.css HTTP/1.1" 304 - "http://localhost:3000/u/zyf123/2016-8-17/%E5%A4%A7%E7%88%B1%E7%88%B1%E5%95%8A" "Mozilla/5.0 (Windows NT 10.0; WOW64) AppleWebKit/537.36 (KHTML, like Gecko) Chrome/52.0.2743.116 Safari/537.36"
